{"event_type": "starting", "learner_id": "learner-1", "payload": {}}
{"event_type": "registered", "learner_id": "learner-1", "payload": {"global_version": 0, "reconnected": false, "slow_factor": 1.0, "trainer_type": "tiny_adamw"}}
{"event_type": "submitted_fragment", "learner_id": "learner-1", "payload": {"idempotency_key": "run-93a5bc537229:learner-1:step-1:v-0", "outcome": "committed", "response_type": "submit_fragment_ack"}}
{"event_type": "submitted_fragment", "learner_id": "learner-1", "payload": {"idempotency_key": "run-93a5bc537229:learner-1:step-2:v-0", "outcome": "queued", "response_type": "submit_fragment_ack"}}
{"event_type": "submitted_fragment", "learner_id": "learner-1", "payload": {"idempotency_key": "run-93a5bc537229:learner-1:step-3:v-0", "outcome": "queued", "response_type": "submit_fragment_ack"}}
{"event_type": "submitted_fragment", "learner_id": "learner-1", "payload": {"idempotency_key": "run-93a5bc537229:learner-1:step-4:v-0", "outcome": "queued", "response_type": "submit_fragment_ack"}}
{"event_type": "submitted_fragment", "learner_id": "learner-1", "payload": {"idempotency_key": "run-93a5bc537229:learner-1:step-5:v-0", "outcome": "queued", "response_type": "submit_fragment_ack"}}
{"event_type": "submitted_fragment", "learner_id": "learner-1", "payload": {"idempotency_key": "run-93a5bc537229:learner-1:step-7:v-2", "outcome": "committed", "response_type": "submit_fragment_ack"}}
{"event_type": "submitted_fragment", "learner_id": "learner-1", "payload": {"idempotency_key": "run-93a5bc537229:learner-1:step-8:v-2", "outcome": "queued", "response_type": "submit_fragment_ack"}}
{"event_type": "submitted_fragment", "learner_id": "learner-1", "payload": {"idempotency_key": "run-93a5bc537229:learner-1:step-9:v-2", "outcome": "queued", "response_type": "submit_fragment_ack"}}
{"event_type": "submitted_fragment", "learner_id": "learner-1", "payload": {"idempotency_key": "run-93a5bc537229:learner-1:step-10:v-2", "outcome": "queued", "response_type": "submit_fragment_ack"}}
{"event_type": "submitted_fragment", "learner_id": "learner-1", "payload": {"idempotency_key": "run-93a5bc537229:learner-1:step-11:v-2", "outcome": "queued", "response_type": "submit_fragment_ack"}}
{"event_type": "submitted_fragment", "learner_id": "learner-1", "payload": {"idempotency_key": "run-93a5bc537229:learner-1:step-13:v-4", "outcome": "committed", "response_type": "submit_fragment_ack"}}
{"event_type": "submitted_fragment", "learner_id": "learner-1", "payload": {"idempotency_key": "run-93a5bc537229:learner-1:step-14:v-4", "outcome": "queued", "response_type": "submit_fragment_ack"}}
{"event_type": "submitted_fragment", "learner_id": "learner-1", "payload": {"idempotency_key": "run-93a5bc537229:learner-1:step-15:v-4", "outcome": "queued", "response_type": "submit_fragment_ack"}}
{"event_type": "submitted_fragment", "learner_id": "learner-1", "payload": {"idempotency_key": "run-93a5bc537229:learner-1:step-16:v-4", "outcome": "queued", "response_type": "submit_fragment_ack"}}
{"event_type": "submitted_fragment", "learner_id": "learner-1", "payload": {"idempotency_key": "run-93a5bc537229:learner-1:step-17:v-4", "outcome": "queued", "response_type": "submit_fragment_ack"}}
{"event_type": "submitted_fragment", "learner_id": "learner-1", "payload": {"idempotency_key": "run-93a5bc537229:learner-1:step-19:v-6", "outcome": "committed", "response_type": "submit_fragment_ack"}}
{"event_type": "submitted_fragment", "learner_id": "learner-1", "payload": {"idempotency_key": "run-93a5bc537229:learner-1:step-20:v-6", "outcome": "queued", "response_type": "submit_fragment_ack"}}
{"event_type": "submitted_fragment", "learner_id": "learner-1", "payload": {"idempotency_key": "run-93a5bc537229:learner-1:step-21:v-6", "outcome": "queued", "response_type": "submit_fragment_ack"}}
{"event_type": "submitted_fragment", "learner_id": "learner-1", "payload": {"idempotency_key": "run-93a5bc537229:learner-1:step-22:v-6", "outcome": "queued", "response_type": "submit_fragment_ack"}}
{"event_type": "submitted_fragment", "learner_id": "learner-1", "payload": {"idempotency_key": "run-93a5bc537229:learner-1:step-23:v-6", "outcome": "queued", "response_type": "submit_fragment_ack"}}
{"event_type": "submitted_fragment", "learner_id": "learner-1", "payload": {"idempotency_key": "run-93a5bc537229:learner-1:step-25:v-8", "outcome": "committed", "response_type": "submit_fragment_ack"}}
{"event_type": "submitted_fragment", "learner_id": "learner-1", "payload": {"idempotency_key": "run-93a5bc537229:learner-1:step-26:v-8", "outcome": "queued", "response_type": "submit_fragment_ack"}}
{"event_type": "submitted_fragment", "learner_id": "learner-1", "payload": {"idempotency_key": "run-93a5bc537229:learner-1:step-27:v-8", "outcome": "queued", "response_type": "submit_fragment_ack"}}
{"event_type": "submitted_fragment", "learner_id": "learner-1", "payload": {"idempotency_key": "run-93a5bc537229:learner-1:step-28:v-8", "outcome": "queued", "response_type": "submit_fragment_ack"}}
{"event_type": "submitted_fragment", "learner_id": "learner-1", "payload": {"idempotency_key": "run-93a5bc537229:learner-1:step-29:v-8", "outcome": "queued", "response_type": "submit_fragment_ack"}}
{"event_type": "finished", "learner_id": "learner-1", "payload": {}}
