{"event_type": "starting", "learner_id": "learner-0", "payload": {}}
{"event_type": "registered", "learner_id": "learner-0", "payload": {"global_version": 0, "reconnected": false, "slow_factor": 1.0, "trainer_type": "tiny_adamw"}}
{"event_type": "submitted_fragment", "learner_id": "learner-0", "payload": {"idempotency_key": "run-93a5bc537229:learner-0:step-1:v-0", "outcome": "queued", "response_type": "submit_fragment_ack"}}
{"event_type": "submitted_fragment", "learner_id": "learner-0", "payload": {"idempotency_key": "run-93a5bc537229:learner-0:step-10:v-1", "outcome": "committed", "response_type": "submit_fragment_ack"}}
{"event_type": "submitted_fragment", "learner_id": "learner-0", "payload": {"idempotency_key": "run-93a5bc537229:learner-0:step-11:v-1", "outcome": "queued", "response_type": "submit_fragment_ack"}}
{"event_type": "submitted_fragment", "learner_id": "learner-0", "payload": {"idempotency_key": "run-93a5bc537229:learner-0:step-12:v-1", "outcome": "queued", "response_type": "submit_fragment_ack"}}
{"event_type": "submitted_fragment", "learner_id": "learner-0", "payload": {"idempotency_key": "run-93a5bc537229:learner-0:step-13:v-1", "outcome": "queued", "response_type": "submit_fragment_ack"}}
{"event_type": "submitted_fragment", "learner_id": "learner-0", "payload": {"idempotency_key": "run-93a5bc537229:learner-0:step-14:v-1", "outcome": "queued", "response_type": "submit_fragment_ack"}}
{"event_type": "submitted_fragment", "learner_id": "learner-0", "payload": {"idempotency_key": "run-93a5bc537229:learner-0:step-16:v-3", "outcome": "committed", "response_type": "submit_fragment_ack"}}
{"event_type": "submitted_fragment", "learner_id": "learner-0", "payload": {"idempotency_key": "run-93a5bc537229:learner-0:step-17:v-3", "outcome": "queued", "response_type": "submit_fragment_ack"}}
{"event_type": "submitted_fragment", "learner_id": "learner-0", "payload": {"idempotency_key": "run-93a5bc537229:learner-0:step-18:v-3", "outcome": "queued", "response_type": "submit_fragment_ack"}}
{"event_type": "submitted_fragment", "learner_id": "learner-0", "payload": {"idempotency_key": "run-93a5bc537229:learner-0:step-19:v-3", "outcome": "queued", "response_type": "submit_fragment_ack"}}
{"event_type": "submitted_fragment", "learner_id": "learner-0", "payload": {"idempotency_key": "run-93a5bc537229:learner-0:step-20:v-3", "outcome": "queued", "response_type": "submit_fragment_ack"}}
{"event_type": "submitted_fragment", "learner_id": "learner-0", "payload": {"idempotency_key": "run-93a5bc537229:learner-0:step-22:v-5", "outcome": "committed", "response_type": "submit_fragment_ack"}}
{"event_type": "submitted_fragment", "learner_id": "learner-0", "payload": {"idempotency_key": "run-93a5bc537229:learner-0:step-23:v-5", "outcome": "queued", "response_type": "submit_fragment_ack"}}
{"event_type": "submitted_fragment", "learner_id": "learner-0", "payload": {"idempotency_key": "run-93a5bc537229:learner-0:step-24:v-5", "outcome": "queued", "response_type": "submit_fragment_ack"}}
{"event_type": "submitted_fragment", "learner_id": "learner-0", "payload": {"idempotency_key": "run-93a5bc537229:learner-0:step-25:v-5", "outcome": "queued", "response_type": "submit_fragment_ack"}}
{"event_type": "submitted_fragment", "learner_id": "learner-0", "payload": {"idempotency_key": "run-93a5bc537229:learner-0:step-26:v-5", "outcome": "queued", "response_type": "submit_fragment_ack"}}
{"event_type": "submitted_fragment", "learner_id": "learner-0", "payload": {"idempotency_key": "run-93a5bc537229:learner-0:step-28:v-7", "outcome": "committed", "response_type": "submit_fragment_ack"}}
{"event_type": "submitted_fragment", "learner_id": "learner-0", "payload": {"idempotency_key": "run-93a5bc537229:learner-0:step-29:v-7", "outcome": "queued", "response_type": "submit_fragment_ack"}}
{"event_type": "submitted_fragment", "learner_id": "learner-0", "payload": {"idempotency_key": "run-93a5bc537229:learner-0:step-30:v-7", "outcome": "queued", "response_type": "submit_fragment_ack"}}
{"event_type": "finished", "learner_id": "learner-0", "payload": {}}
