Traceback (most recent call last):
  File "/usr/lib/python3.10/runpy.py", line 196, in _run_module_as_main
    return _run_code(code, main_globals, None,
  File "/usr/lib/python3.10/runpy.py", line 86, in _run_code
    exec(code, run_globals)
  File "/home/ubuntu/diloco_l5_src/src/decodilo/cli.py", line 28281, in <module>
    raise SystemExit(main())
  File "/home/ubuntu/diloco_l5_src/src/decodilo/cli.py", line 28277, in main
    return int(args.func(args))
  File "/home/ubuntu/diloco_l5_src/src/decodilo/cli.py", line 17712, in _cmd_learner_run
    return learner_worker.main(args)
  File "/home/ubuntu/diloco_l5_src/src/decodilo/runtime/learner_worker.py", line 599, in main
    return asyncio.run(async_main(args))
  File "/usr/lib/python3.10/asyncio/runners.py", line 44, in run
    return loop.run_until_complete(main)
  File "/usr/lib/python3.10/asyncio/base_events.py", line 649, in run_until_complete
    return future.result()
  File "/home/ubuntu/diloco_l5_src/src/decodilo/runtime/learner_worker.py", line 595, in async_main
    return await worker.run()
  File "/home/ubuntu/diloco_l5_src/src/decodilo/runtime/learner_worker.py", line 123, in run
    await self._register()
  File "/home/ubuntu/diloco_l5_src/src/decodilo/runtime/learner_worker.py", line 176, in _register
    global_vector, response_version = apply_update_ref_to_vector(
  File "/home/ubuntu/diloco_l5_src/src/decodilo/runtime/chunked_update_delivery.py", line 16, in apply_update_ref_to_vector
    return read_global_vector_artifact(ref=ref, transport=transport)
  File "/home/ubuntu/diloco_l5_src/src/decodilo/syncer/global_state_store.py", line 106, in read_global_vector_artifact
    manifest = transport.validate_ref(ref)
  File "/home/ubuntu/diloco_l5_src/src/decodilo/runtime/artifact_transport.py", line 130, in validate_ref
    raise InvariantViolation("artifact manifest is missing or not a file")
decodilo.errors.InvariantViolation: artifact manifest is missing or not a file
