{"event_type": "starting", "learner_id": "learner-0", "payload": {}}
{"event_type": "registered", "learner_id": "learner-0", "payload": {"global_version": 0, "reconnected": false, "slow_factor": 1.0, "trainer_type": "tiny_adamw"}}
{"event_type": "submitted_fragment", "learner_id": "learner-0", "payload": {"idempotency_key": "lambda-l5-20260628123605:learner-0:step-1:v-0", "outcome": "committed", "response_type": "submit_fragment_ack"}}
{"event_type": "submitted_fragment", "learner_id": "learner-0", "payload": {"idempotency_key": "lambda-l5-20260628123605:learner-0:step-2:v-1", "outcome": "queued", "response_type": "submit_fragment_ack"}}
{"event_type": "submitted_fragment", "learner_id": "learner-0", "payload": {"idempotency_key": "lambda-l5-20260628123605:learner-0:step-3:v-2", "outcome": "queued", "response_type": "submit_fragment_ack"}}
{"event_type": "submitted_fragment", "learner_id": "learner-0", "payload": {"idempotency_key": "lambda-l5-20260628123605:learner-0:step-4:v-3", "outcome": "queued", "response_type": "submit_fragment_ack"}}
{"event_type": "submitted_fragment", "learner_id": "learner-0", "payload": {"idempotency_key": "lambda-l5-20260628123605:learner-0:step-5:v-4", "outcome": "queued", "response_type": "submit_fragment_ack"}}
{"event_type": "submitted_fragment", "learner_id": "learner-0", "payload": {"idempotency_key": "lambda-l5-20260628123605:learner-0:step-6:v-5", "outcome": "queued", "response_type": "submit_fragment_ack"}}
{"event_type": "submitted_fragment", "learner_id": "learner-0", "payload": {"idempotency_key": "lambda-l5-20260628123605:learner-0:step-7:v-6", "outcome": "queued", "response_type": "submit_fragment_ack"}}
{"event_type": "submitted_fragment", "learner_id": "learner-0", "payload": {"idempotency_key": "lambda-l5-20260628123605:learner-0:step-8:v-6", "outcome": "queued", "response_type": "submit_fragment_ack"}}
{"event_type": "submitted_fragment", "learner_id": "learner-0", "payload": {"idempotency_key": "lambda-l5-20260628123605:learner-0:step-9:v-7", "outcome": "queued", "response_type": "submit_fragment_ack"}}
{"event_type": "submitted_fragment", "learner_id": "learner-0", "payload": {"idempotency_key": "lambda-l5-20260628123605:learner-0:step-10:v-8", "outcome": "queued", "response_type": "submit_fragment_ack"}}
{"event_type": "submitted_fragment", "learner_id": "learner-0", "payload": {"idempotency_key": "lambda-l5-20260628123605:learner-0:step-11:v-9", "outcome": "queued", "response_type": "submit_fragment_ack"}}
{"event_type": "submitted_fragment", "learner_id": "learner-0", "payload": {"idempotency_key": "lambda-l5-20260628123605:learner-0:step-12:v-10", "outcome": "queued", "response_type": "submit_fragment_ack"}}
{"event_type": "submitted_fragment", "learner_id": "learner-0", "payload": {"idempotency_key": "lambda-l5-20260628123605:learner-0:step-13:v-11", "outcome": "queued", "response_type": "submit_fragment_ack"}}
{"event_type": "submitted_fragment", "learner_id": "learner-0", "payload": {"idempotency_key": "lambda-l5-20260628123605:learner-0:step-14:v-12", "outcome": "queued", "response_type": "submit_fragment_ack"}}
{"event_type": "submitted_fragment", "learner_id": "learner-0", "payload": {"idempotency_key": "lambda-l5-20260628123605:learner-0:step-15:v-13", "outcome": "queued", "response_type": "submit_fragment_ack"}}
{"event_type": "submitted_fragment", "learner_id": "learner-0", "payload": {"idempotency_key": "lambda-l5-20260628123605:learner-0:step-16:v-14", "outcome": "queued", "response_type": "submit_fragment_ack"}}
{"event_type": "submitted_fragment", "learner_id": "learner-0", "payload": {"idempotency_key": "lambda-l5-20260628123605:learner-0:step-17:v-15", "outcome": "queued", "response_type": "submit_fragment_ack"}}
{"event_type": "submitted_fragment", "learner_id": "learner-0", "payload": {"idempotency_key": "lambda-l5-20260628123605:learner-0:step-18:v-16", "outcome": "queued", "response_type": "submit_fragment_ack"}}
{"event_type": "submitted_fragment", "learner_id": "learner-0", "payload": {"idempotency_key": "lambda-l5-20260628123605:learner-0:step-19:v-17", "outcome": "queued", "response_type": "submit_fragment_ack"}}
{"event_type": "submitted_fragment", "learner_id": "learner-0", "payload": {"idempotency_key": "lambda-l5-20260628123605:learner-0:step-20:v-18", "outcome": "queued", "response_type": "submit_fragment_ack"}}
{"event_type": "submitted_fragment", "learner_id": "learner-0", "payload": {"idempotency_key": "lambda-l5-20260628123605:learner-0:step-21:v-19", "outcome": "queued", "response_type": "submit_fragment_ack"}}
{"event_type": "submitted_fragment", "learner_id": "learner-0", "payload": {"idempotency_key": "lambda-l5-20260628123605:learner-0:step-22:v-19", "outcome": "queued", "response_type": "submit_fragment_ack"}}
{"event_type": "submitted_fragment", "learner_id": "learner-0", "payload": {"idempotency_key": "lambda-l5-20260628123605:learner-0:step-23:v-20", "outcome": "queued", "response_type": "submit_fragment_ack"}}
{"event_type": "submitted_fragment", "learner_id": "learner-0", "payload": {"idempotency_key": "lambda-l5-20260628123605:learner-0:step-24:v-21", "outcome": "queued", "response_type": "submit_fragment_ack"}}
{"event_type": "submitted_fragment", "learner_id": "learner-0", "payload": {"idempotency_key": "lambda-l5-20260628123605:learner-0:step-25:v-22", "outcome": "queued", "response_type": "submit_fragment_ack"}}
{"event_type": "submitted_fragment", "learner_id": "learner-0", "payload": {"idempotency_key": "lambda-l5-20260628123605:learner-0:step-26:v-23", "outcome": "queued", "response_type": "submit_fragment_ack"}}
{"event_type": "submitted_fragment", "learner_id": "learner-0", "payload": {"idempotency_key": "lambda-l5-20260628123605:learner-0:step-27:v-24", "outcome": "queued", "response_type": "submit_fragment_ack"}}
{"event_type": "submitted_fragment", "learner_id": "learner-0", "payload": {"idempotency_key": "lambda-l5-20260628123605:learner-0:step-28:v-25", "outcome": "queued", "response_type": "submit_fragment_ack"}}
{"event_type": "submitted_fragment", "learner_id": "learner-0", "payload": {"idempotency_key": "lambda-l5-20260628123605:learner-0:step-29:v-26", "outcome": "queued", "response_type": "submit_fragment_ack"}}
{"event_type": "submitted_fragment", "learner_id": "learner-0", "payload": {"idempotency_key": "lambda-l5-20260628123605:learner-0:step-30:v-27", "outcome": "queued", "response_type": "submit_fragment_ack"}}
{"event_type": "submitted_fragment", "learner_id": "learner-0", "payload": {"idempotency_key": "lambda-l5-20260628123605:learner-0:step-31:v-27", "outcome": "queued", "response_type": "submit_fragment_ack"}}
{"event_type": "submitted_fragment", "learner_id": "learner-0", "payload": {"idempotency_key": "lambda-l5-20260628123605:learner-0:step-32:v-28", "outcome": "queued", "response_type": "submit_fragment_ack"}}
{"event_type": "submitted_fragment", "learner_id": "learner-0", "payload": {"idempotency_key": "lambda-l5-20260628123605:learner-0:step-33:v-29", "outcome": "queued", "response_type": "submit_fragment_ack"}}
{"event_type": "submitted_fragment", "learner_id": "learner-0", "payload": {"idempotency_key": "lambda-l5-20260628123605:learner-0:step-34:v-30", "outcome": "queued", "response_type": "submit_fragment_ack"}}
{"event_type": "submitted_fragment", "learner_id": "learner-0", "payload": {"idempotency_key": "lambda-l5-20260628123605:learner-0:step-35:v-31", "outcome": "queued", "response_type": "submit_fragment_ack"}}
{"event_type": "submitted_fragment", "learner_id": "learner-0", "payload": {"idempotency_key": "lambda-l5-20260628123605:learner-0:step-36:v-32", "outcome": "committed", "response_type": "submit_fragment_ack"}}
{"event_type": "submitted_fragment", "learner_id": "learner-0", "payload": {"idempotency_key": "lambda-l5-20260628123605:learner-0:step-37:v-33", "outcome": "committed", "response_type": "submit_fragment_ack"}}
{"event_type": "submitted_fragment", "learner_id": "learner-0", "payload": {"idempotency_key": "lambda-l5-20260628123605:learner-0:step-38:v-34", "outcome": "queued", "response_type": "submit_fragment_ack"}}
{"event_type": "submitted_fragment", "learner_id": "learner-0", "payload": {"idempotency_key": "lambda-l5-20260628123605:learner-0:step-39:v-35", "outcome": "queued", "response_type": "submit_fragment_ack"}}
{"event_type": "submitted_fragment", "learner_id": "learner-0", "payload": {"idempotency_key": "lambda-l5-20260628123605:learner-0:step-40:v-36", "outcome": "queued", "response_type": "submit_fragment_ack"}}
{"event_type": "submitted_fragment", "learner_id": "learner-0", "payload": {"idempotency_key": "lambda-l5-20260628123605:learner-0:step-41:v-37", "outcome": "queued", "response_type": "submit_fragment_ack"}}
{"event_type": "submitted_fragment", "learner_id": "learner-0", "payload": {"idempotency_key": "lambda-l5-20260628123605:learner-0:step-42:v-38", "outcome": "queued", "response_type": "submit_fragment_ack"}}
{"event_type": "submitted_fragment", "learner_id": "learner-0", "payload": {"idempotency_key": "lambda-l5-20260628123605:learner-0:step-43:v-39", "outcome": "queued", "response_type": "submit_fragment_ack"}}
{"event_type": "submitted_fragment", "learner_id": "learner-0", "payload": {"idempotency_key": "lambda-l5-20260628123605:learner-0:step-44:v-40", "outcome": "queued", "response_type": "submit_fragment_ack"}}
{"event_type": "submitted_fragment", "learner_id": "learner-0", "payload": {"idempotency_key": "lambda-l5-20260628123605:learner-0:step-45:v-41", "outcome": "queued", "response_type": "submit_fragment_ack"}}
{"event_type": "submitted_fragment", "learner_id": "learner-0", "payload": {"idempotency_key": "lambda-l5-20260628123605:learner-0:step-46:v-42", "outcome": "queued", "response_type": "submit_fragment_ack"}}
{"event_type": "submitted_fragment", "learner_id": "learner-0", "payload": {"idempotency_key": "lambda-l5-20260628123605:learner-0:step-47:v-42", "outcome": "queued", "response_type": "submit_fragment_ack"}}
{"event_type": "submitted_fragment", "learner_id": "learner-0", "payload": {"idempotency_key": "lambda-l5-20260628123605:learner-0:step-48:v-43", "outcome": "queued", "response_type": "submit_fragment_ack"}}
{"event_type": "submitted_fragment", "learner_id": "learner-0", "payload": {"idempotency_key": "lambda-l5-20260628123605:learner-0:step-49:v-44", "outcome": "queued", "response_type": "submit_fragment_ack"}}
{"event_type": "submitted_fragment", "learner_id": "learner-0", "payload": {"idempotency_key": "lambda-l5-20260628123605:learner-0:step-50:v-45", "outcome": "queued", "response_type": "submit_fragment_ack"}}
{"event_type": "submitted_fragment", "learner_id": "learner-0", "payload": {"idempotency_key": "lambda-l5-20260628123605:learner-0:step-51:v-46", "outcome": "queued", "response_type": "submit_fragment_ack"}}
{"event_type": "submitted_fragment", "learner_id": "learner-0", "payload": {"idempotency_key": "lambda-l5-20260628123605:learner-0:step-52:v-47", "outcome": "queued", "response_type": "submit_fragment_ack"}}
{"event_type": "submitted_fragment", "learner_id": "learner-0", "payload": {"idempotency_key": "lambda-l5-20260628123605:learner-0:step-53:v-48", "outcome": "queued", "response_type": "submit_fragment_ack"}}
{"event_type": "submitted_fragment", "learner_id": "learner-0", "payload": {"idempotency_key": "lambda-l5-20260628123605:learner-0:step-54:v-49", "outcome": "queued", "response_type": "submit_fragment_ack"}}
{"event_type": "submitted_fragment", "learner_id": "learner-0", "payload": {"idempotency_key": "lambda-l5-20260628123605:learner-0:step-55:v-50", "outcome": "queued", "response_type": "submit_fragment_ack"}}
{"event_type": "submitted_fragment", "learner_id": "learner-0", "payload": {"idempotency_key": "lambda-l5-20260628123605:learner-0:step-56:v-51", "outcome": "queued", "response_type": "submit_fragment_ack"}}
{"event_type": "submitted_fragment", "learner_id": "learner-0", "payload": {"idempotency_key": "lambda-l5-20260628123605:learner-0:step-57:v-51", "outcome": "queued", "response_type": "submit_fragment_ack"}}
{"event_type": "submitted_fragment", "learner_id": "learner-0", "payload": {"idempotency_key": "lambda-l5-20260628123605:learner-0:step-58:v-52", "outcome": "queued", "response_type": "submit_fragment_ack"}}
{"event_type": "submitted_fragment", "learner_id": "learner-0", "payload": {"idempotency_key": "lambda-l5-20260628123605:learner-0:step-59:v-53", "outcome": "queued", "response_type": "submit_fragment_ack"}}
{"event_type": "submitted_fragment", "learner_id": "learner-0", "payload": {"idempotency_key": "lambda-l5-20260628123605:learner-0:step-60:v-54", "outcome": "queued", "response_type": "submit_fragment_ack"}}
{"event_type": "submitted_fragment", "learner_id": "learner-0", "payload": {"idempotency_key": "lambda-l5-20260628123605:learner-0:step-61:v-55", "outcome": "queued", "response_type": "submit_fragment_ack"}}
{"event_type": "submitted_fragment", "learner_id": "learner-0", "payload": {"idempotency_key": "lambda-l5-20260628123605:learner-0:step-62:v-56", "outcome": "queued", "response_type": "submit_fragment_ack"}}
{"event_type": "submitted_fragment", "learner_id": "learner-0", "payload": {"idempotency_key": "lambda-l5-20260628123605:learner-0:step-63:v-57", "outcome": "queued", "response_type": "submit_fragment_ack"}}
{"event_type": "submitted_fragment", "learner_id": "learner-0", "payload": {"idempotency_key": "lambda-l5-20260628123605:learner-0:step-64:v-58", "outcome": "queued", "response_type": "submit_fragment_ack"}}
{"event_type": "submitted_fragment", "learner_id": "learner-0", "payload": {"idempotency_key": "lambda-l5-20260628123605:learner-0:step-65:v-59", "outcome": "queued", "response_type": "submit_fragment_ack"}}
{"event_type": "submitted_fragment", "learner_id": "learner-0", "payload": {"idempotency_key": "lambda-l5-20260628123605:learner-0:step-66:v-60", "outcome": "queued", "response_type": "submit_fragment_ack"}}
{"event_type": "submitted_fragment", "learner_id": "learner-0", "payload": {"idempotency_key": "lambda-l5-20260628123605:learner-0:step-67:v-60", "outcome": "queued", "response_type": "submit_fragment_ack"}}
{"event_type": "submitted_fragment", "learner_id": "learner-0", "payload": {"idempotency_key": "lambda-l5-20260628123605:learner-0:step-68:v-61", "outcome": "queued", "response_type": "submit_fragment_ack"}}
{"event_type": "submitted_fragment", "learner_id": "learner-0", "payload": {"idempotency_key": "lambda-l5-20260628123605:learner-0:step-69:v-62", "outcome": "queued", "response_type": "submit_fragment_ack"}}
{"event_type": "submitted_fragment", "learner_id": "learner-0", "payload": {"idempotency_key": "lambda-l5-20260628123605:learner-0:step-70:v-63", "outcome": "queued", "response_type": "submit_fragment_ack"}}
{"event_type": "submitted_fragment", "learner_id": "learner-0", "payload": {"idempotency_key": "lambda-l5-20260628123605:learner-0:step-71:v-64", "outcome": "queued", "response_type": "submit_fragment_ack"}}
{"event_type": "submitted_fragment", "learner_id": "learner-0", "payload": {"idempotency_key": "lambda-l5-20260628123605:learner-0:step-72:v-65", "outcome": "queued", "response_type": "submit_fragment_ack"}}
{"event_type": "submitted_fragment", "learner_id": "learner-0", "payload": {"idempotency_key": "lambda-l5-20260628123605:learner-0:step-73:v-66", "outcome": "queued", "response_type": "submit_fragment_ack"}}
{"event_type": "submitted_fragment", "learner_id": "learner-0", "payload": {"idempotency_key": "lambda-l5-20260628123605:learner-0:step-74:v-67", "outcome": "queued", "response_type": "submit_fragment_ack"}}
{"event_type": "submitted_fragment", "learner_id": "learner-0", "payload": {"idempotency_key": "lambda-l5-20260628123605:learner-0:step-75:v-68", "outcome": "queued", "response_type": "submit_fragment_ack"}}
{"event_type": "submitted_fragment", "learner_id": "learner-0", "payload": {"idempotency_key": "lambda-l5-20260628123605:learner-0:step-76:v-68", "outcome": "queued", "response_type": "submit_fragment_ack"}}
{"event_type": "submitted_fragment", "learner_id": "learner-0", "payload": {"idempotency_key": "lambda-l5-20260628123605:learner-0:step-77:v-69", "outcome": "queued", "response_type": "submit_fragment_ack"}}
{"event_type": "submitted_fragment", "learner_id": "learner-0", "payload": {"idempotency_key": "lambda-l5-20260628123605:learner-0:step-78:v-70", "outcome": "committed", "response_type": "submit_fragment_ack"}}
{"event_type": "submitted_fragment", "learner_id": "learner-0", "payload": {"idempotency_key": "lambda-l5-20260628123605:learner-0:step-79:v-71", "outcome": "queued", "response_type": "submit_fragment_ack"}}
{"event_type": "submitted_fragment", "learner_id": "learner-0", "payload": {"idempotency_key": "lambda-l5-20260628123605:learner-0:step-80:v-72", "outcome": "queued", "response_type": "submit_fragment_ack"}}
{"event_type": "submitted_fragment", "learner_id": "learner-0", "payload": {"idempotency_key": "lambda-l5-20260628123605:learner-0:step-81:v-73", "outcome": "queued", "response_type": "submit_fragment_ack"}}
{"event_type": "submitted_fragment", "learner_id": "learner-0", "payload": {"idempotency_key": "lambda-l5-20260628123605:learner-0:step-82:v-74", "outcome": "queued", "response_type": "submit_fragment_ack"}}
{"event_type": "submitted_fragment", "learner_id": "learner-0", "payload": {"idempotency_key": "lambda-l5-20260628123605:learner-0:step-83:v-75", "outcome": "queued", "response_type": "submit_fragment_ack"}}
{"event_type": "submitted_fragment", "learner_id": "learner-0", "payload": {"idempotency_key": "lambda-l5-20260628123605:learner-0:step-84:v-76", "outcome": "queued", "response_type": "submit_fragment_ack"}}
{"event_type": "submitted_fragment", "learner_id": "learner-0", "payload": {"idempotency_key": "lambda-l5-20260628123605:learner-0:step-85:v-77", "outcome": "queued", "response_type": "submit_fragment_ack"}}
{"event_type": "submitted_fragment", "learner_id": "learner-0", "payload": {"idempotency_key": "lambda-l5-20260628123605:learner-0:step-86:v-77", "outcome": "queued", "response_type": "submit_fragment_ack"}}
{"event_type": "submitted_fragment", "learner_id": "learner-0", "payload": {"idempotency_key": "lambda-l5-20260628123605:learner-0:step-87:v-78", "outcome": "queued", "response_type": "submit_fragment_ack"}}
{"event_type": "submitted_fragment", "learner_id": "learner-0", "payload": {"idempotency_key": "lambda-l5-20260628123605:learner-0:step-88:v-79", "outcome": "committed", "response_type": "submit_fragment_ack"}}
{"event_type": "submitted_fragment", "learner_id": "learner-0", "payload": {"idempotency_key": "lambda-l5-20260628123605:learner-0:step-89:v-80", "outcome": "committed", "response_type": "submit_fragment_ack"}}
{"event_type": "submitted_fragment", "learner_id": "learner-0", "payload": {"idempotency_key": "lambda-l5-20260628123605:learner-0:step-90:v-81", "outcome": "committed", "response_type": "submit_fragment_ack"}}
{"event_type": "submitted_fragment", "learner_id": "learner-0", "payload": {"idempotency_key": "lambda-l5-20260628123605:learner-0:step-91:v-82", "outcome": "committed", "response_type": "submit_fragment_ack"}}
{"event_type": "submitted_fragment", "learner_id": "learner-0", "payload": {"idempotency_key": "lambda-l5-20260628123605:learner-0:step-92:v-83", "outcome": "committed", "response_type": "submit_fragment_ack"}}
{"event_type": "submitted_fragment", "learner_id": "learner-0", "payload": {"idempotency_key": "lambda-l5-20260628123605:learner-0:step-93:v-84", "outcome": "committed", "response_type": "submit_fragment_ack"}}
{"event_type": "submitted_fragment", "learner_id": "learner-0", "payload": {"idempotency_key": "lambda-l5-20260628123605:learner-0:step-94:v-85", "outcome": "committed", "response_type": "submit_fragment_ack"}}
{"event_type": "submitted_fragment", "learner_id": "learner-0", "payload": {"idempotency_key": "lambda-l5-20260628123605:learner-0:step-95:v-86", "outcome": "committed", "response_type": "submit_fragment_ack"}}
{"event_type": "submitted_fragment", "learner_id": "learner-0", "payload": {"idempotency_key": "lambda-l5-20260628123605:learner-0:step-96:v-87", "outcome": "committed", "response_type": "submit_fragment_ack"}}
{"event_type": "submitted_fragment", "learner_id": "learner-0", "payload": {"idempotency_key": "lambda-l5-20260628123605:learner-0:step-97:v-88", "outcome": "committed", "response_type": "submit_fragment_ack"}}
{"event_type": "submitted_fragment", "learner_id": "learner-0", "payload": {"idempotency_key": "lambda-l5-20260628123605:learner-0:step-98:v-89", "outcome": "committed", "response_type": "submit_fragment_ack"}}
{"event_type": "submitted_fragment", "learner_id": "learner-0", "payload": {"idempotency_key": "lambda-l5-20260628123605:learner-0:step-99:v-90", "outcome": "committed", "response_type": "submit_fragment_ack"}}
{"event_type": "submitted_fragment", "learner_id": "learner-0", "payload": {"idempotency_key": "lambda-l5-20260628123605:learner-0:step-100:v-91", "outcome": "committed", "response_type": "submit_fragment_ack"}}
{"event_type": "submitted_fragment", "learner_id": "learner-0", "payload": {"idempotency_key": "lambda-l5-20260628123605:learner-0:step-101:v-92", "outcome": "committed", "response_type": "submit_fragment_ack"}}
{"event_type": "submitted_fragment", "learner_id": "learner-0", "payload": {"idempotency_key": "lambda-l5-20260628123605:learner-0:step-102:v-93", "outcome": "committed", "response_type": "submit_fragment_ack"}}
{"event_type": "submitted_fragment", "learner_id": "learner-0", "payload": {"idempotency_key": "lambda-l5-20260628123605:learner-0:step-103:v-94", "outcome": "committed", "response_type": "submit_fragment_ack"}}
{"event_type": "submitted_fragment", "learner_id": "learner-0", "payload": {"idempotency_key": "lambda-l5-20260628123605:learner-0:step-104:v-95", "outcome": "committed", "response_type": "submit_fragment_ack"}}
{"event_type": "submitted_fragment", "learner_id": "learner-0", "payload": {"idempotency_key": "lambda-l5-20260628123605:learner-0:step-105:v-96", "outcome": "committed", "response_type": "submit_fragment_ack"}}
{"event_type": "submitted_fragment", "learner_id": "learner-0", "payload": {"idempotency_key": "lambda-l5-20260628123605:learner-0:step-106:v-97", "outcome": "committed", "response_type": "submit_fragment_ack"}}
{"event_type": "submitted_fragment", "learner_id": "learner-0", "payload": {"idempotency_key": "lambda-l5-20260628123605:learner-0:step-107:v-98", "outcome": "committed", "response_type": "submit_fragment_ack"}}
{"event_type": "submitted_fragment", "learner_id": "learner-0", "payload": {"idempotency_key": "lambda-l5-20260628123605:learner-0:step-108:v-99", "outcome": "committed", "response_type": "submit_fragment_ack"}}
{"event_type": "submitted_fragment", "learner_id": "learner-0", "payload": {"idempotency_key": "lambda-l5-20260628123605:learner-0:step-109:v-100", "outcome": "committed", "response_type": "submit_fragment_ack"}}
{"event_type": "submitted_fragment", "learner_id": "learner-0", "payload": {"idempotency_key": "lambda-l5-20260628123605:learner-0:step-110:v-101", "outcome": "committed", "response_type": "submit_fragment_ack"}}
{"event_type": "submitted_fragment", "learner_id": "learner-0", "payload": {"idempotency_key": "lambda-l5-20260628123605:learner-0:step-111:v-102", "outcome": "committed", "response_type": "submit_fragment_ack"}}
{"event_type": "submitted_fragment", "learner_id": "learner-0", "payload": {"idempotency_key": "lambda-l5-20260628123605:learner-0:step-112:v-103", "outcome": "committed", "response_type": "submit_fragment_ack"}}
{"event_type": "submitted_fragment", "learner_id": "learner-0", "payload": {"idempotency_key": "lambda-l5-20260628123605:learner-0:step-113:v-104", "outcome": "committed", "response_type": "submit_fragment_ack"}}
{"event_type": "submitted_fragment", "learner_id": "learner-0", "payload": {"idempotency_key": "lambda-l5-20260628123605:learner-0:step-114:v-105", "outcome": "committed", "response_type": "submit_fragment_ack"}}
{"event_type": "submitted_fragment", "learner_id": "learner-0", "payload": {"idempotency_key": "lambda-l5-20260628123605:learner-0:step-115:v-106", "outcome": "committed", "response_type": "submit_fragment_ack"}}
{"event_type": "submitted_fragment", "learner_id": "learner-0", "payload": {"idempotency_key": "lambda-l5-20260628123605:learner-0:step-116:v-107", "outcome": "committed", "response_type": "submit_fragment_ack"}}
{"event_type": "submitted_fragment", "learner_id": "learner-0", "payload": {"idempotency_key": "lambda-l5-20260628123605:learner-0:step-117:v-108", "outcome": "committed", "response_type": "submit_fragment_ack"}}
{"event_type": "submitted_fragment", "learner_id": "learner-0", "payload": {"idempotency_key": "lambda-l5-20260628123605:learner-0:step-118:v-109", "outcome": "committed", "response_type": "submit_fragment_ack"}}
{"event_type": "submitted_fragment", "learner_id": "learner-0", "payload": {"idempotency_key": "lambda-l5-20260628123605:learner-0:step-119:v-110", "outcome": "committed", "response_type": "submit_fragment_ack"}}
{"event_type": "submitted_fragment", "learner_id": "learner-0", "payload": {"idempotency_key": "lambda-l5-20260628123605:learner-0:step-120:v-111", "outcome": "committed", "response_type": "submit_fragment_ack"}}
{"event_type": "submitted_fragment", "learner_id": "learner-0", "payload": {"idempotency_key": "lambda-l5-20260628123605:learner-0:step-121:v-112", "outcome": "committed", "response_type": "submit_fragment_ack"}}
{"event_type": "submitted_fragment", "learner_id": "learner-0", "payload": {"idempotency_key": "lambda-l5-20260628123605:learner-0:step-122:v-113", "outcome": "committed", "response_type": "submit_fragment_ack"}}
{"event_type": "submitted_fragment", "learner_id": "learner-0", "payload": {"idempotency_key": "lambda-l5-20260628123605:learner-0:step-123:v-114", "outcome": "committed", "response_type": "submit_fragment_ack"}}
{"event_type": "submitted_fragment", "learner_id": "learner-0", "payload": {"idempotency_key": "lambda-l5-20260628123605:learner-0:step-124:v-115", "outcome": "committed", "response_type": "submit_fragment_ack"}}
{"event_type": "submitted_fragment", "learner_id": "learner-0", "payload": {"idempotency_key": "lambda-l5-20260628123605:learner-0:step-125:v-116", "outcome": "committed", "response_type": "submit_fragment_ack"}}
{"event_type": "submitted_fragment", "learner_id": "learner-0", "payload": {"idempotency_key": "lambda-l5-20260628123605:learner-0:step-126:v-117", "outcome": "committed", "response_type": "submit_fragment_ack"}}
{"event_type": "submitted_fragment", "learner_id": "learner-0", "payload": {"idempotency_key": "lambda-l5-20260628123605:learner-0:step-127:v-118", "outcome": "committed", "response_type": "submit_fragment_ack"}}
{"event_type": "submitted_fragment", "learner_id": "learner-0", "payload": {"idempotency_key": "lambda-l5-20260628123605:learner-0:step-128:v-119", "outcome": "queued", "response_type": "submit_fragment_ack"}}
{"event_type": "submitted_fragment", "learner_id": "learner-0", "payload": {"idempotency_key": "lambda-l5-20260628123605:learner-0:step-129:v-120", "outcome": "queued", "response_type": "submit_fragment_ack"}}
{"event_type": "submitted_fragment", "learner_id": "learner-0", "payload": {"idempotency_key": "lambda-l5-20260628123605:learner-0:step-130:v-121", "outcome": "queued", "response_type": "submit_fragment_ack"}}
{"event_type": "submitted_fragment", "learner_id": "learner-0", "payload": {"idempotency_key": "lambda-l5-20260628123605:learner-0:step-131:v-122", "outcome": "queued", "response_type": "submit_fragment_ack"}}
{"event_type": "submitted_fragment", "learner_id": "learner-0", "payload": {"idempotency_key": "lambda-l5-20260628123605:learner-0:step-132:v-123", "outcome": "queued", "response_type": "submit_fragment_ack"}}
{"event_type": "submitted_fragment", "learner_id": "learner-0", "payload": {"idempotency_key": "lambda-l5-20260628123605:learner-0:step-133:v-124", "outcome": "queued", "response_type": "submit_fragment_ack"}}
{"event_type": "submitted_fragment", "learner_id": "learner-0", "payload": {"idempotency_key": "lambda-l5-20260628123605:learner-0:step-134:v-125", "outcome": "queued", "response_type": "submit_fragment_ack"}}
{"event_type": "submitted_fragment", "learner_id": "learner-0", "payload": {"idempotency_key": "lambda-l5-20260628123605:learner-0:step-135:v-125", "outcome": "queued", "response_type": "submit_fragment_ack"}}
{"event_type": "submitted_fragment", "learner_id": "learner-0", "payload": {"idempotency_key": "lambda-l5-20260628123605:learner-0:step-136:v-126", "outcome": "queued", "response_type": "submit_fragment_ack"}}
{"event_type": "submitted_fragment", "learner_id": "learner-0", "payload": {"idempotency_key": "lambda-l5-20260628123605:learner-0:step-137:v-127", "outcome": "queued", "response_type": "submit_fragment_ack"}}
{"event_type": "submitted_fragment", "learner_id": "learner-0", "payload": {"idempotency_key": "lambda-l5-20260628123605:learner-0:step-138:v-128", "outcome": "committed", "response_type": "submit_fragment_ack"}}
{"event_type": "submitted_fragment", "learner_id": "learner-0", "payload": {"idempotency_key": "lambda-l5-20260628123605:learner-0:step-139:v-129", "outcome": "queued", "response_type": "submit_fragment_ack"}}
{"event_type": "submitted_fragment", "learner_id": "learner-0", "payload": {"idempotency_key": "lambda-l5-20260628123605:learner-0:step-140:v-130", "outcome": "queued", "response_type": "submit_fragment_ack"}}
{"event_type": "submitted_fragment", "learner_id": "learner-0", "payload": {"idempotency_key": "lambda-l5-20260628123605:learner-0:step-141:v-131", "outcome": "queued", "response_type": "submit_fragment_ack"}}
{"event_type": "submitted_fragment", "learner_id": "learner-0", "payload": {"idempotency_key": "lambda-l5-20260628123605:learner-0:step-142:v-132", "outcome": "queued", "response_type": "submit_fragment_ack"}}
{"event_type": "submitted_fragment", "learner_id": "learner-0", "payload": {"idempotency_key": "lambda-l5-20260628123605:learner-0:step-143:v-133", "outcome": "queued", "response_type": "submit_fragment_ack"}}
{"event_type": "submitted_fragment", "learner_id": "learner-0", "payload": {"idempotency_key": "lambda-l5-20260628123605:learner-0:step-144:v-134", "outcome": "queued", "response_type": "submit_fragment_ack"}}
{"event_type": "submitted_fragment", "learner_id": "learner-0", "payload": {"idempotency_key": "lambda-l5-20260628123605:learner-0:step-145:v-135", "outcome": "queued", "response_type": "submit_fragment_ack"}}
{"event_type": "submitted_fragment", "learner_id": "learner-0", "payload": {"idempotency_key": "lambda-l5-20260628123605:learner-0:step-146:v-136", "outcome": "queued", "response_type": "submit_fragment_ack"}}
{"event_type": "submitted_fragment", "learner_id": "learner-0", "payload": {"idempotency_key": "lambda-l5-20260628123605:learner-0:step-147:v-136", "outcome": "queued", "response_type": "submit_fragment_ack"}}
{"event_type": "submitted_fragment", "learner_id": "learner-0", "payload": {"idempotency_key": "lambda-l5-20260628123605:learner-0:step-148:v-137", "outcome": "queued", "response_type": "submit_fragment_ack"}}
{"event_type": "submitted_fragment", "learner_id": "learner-0", "payload": {"idempotency_key": "lambda-l5-20260628123605:learner-0:step-149:v-138", "outcome": "queued", "response_type": "submit_fragment_ack"}}
{"event_type": "submitted_fragment", "learner_id": "learner-0", "payload": {"idempotency_key": "lambda-l5-20260628123605:learner-0:step-150:v-139", "outcome": "queued", "response_type": "submit_fragment_ack"}}
{"event_type": "submitted_fragment", "learner_id": "learner-0", "payload": {"idempotency_key": "lambda-l5-20260628123605:learner-0:step-151:v-139", "outcome": "queued", "response_type": "submit_fragment_ack"}}
{"event_type": "submitted_fragment", "learner_id": "learner-0", "payload": {"idempotency_key": "lambda-l5-20260628123605:learner-0:step-152:v-140", "outcome": "queued", "response_type": "submit_fragment_ack"}}
{"event_type": "submitted_fragment", "learner_id": "learner-0", "payload": {"idempotency_key": "lambda-l5-20260628123605:learner-0:step-153:v-141", "outcome": "queued", "response_type": "submit_fragment_ack"}}
{"event_type": "submitted_fragment", "learner_id": "learner-0", "payload": {"idempotency_key": "lambda-l5-20260628123605:learner-0:step-154:v-142", "outcome": "queued", "response_type": "submit_fragment_ack"}}
{"event_type": "submitted_fragment", "learner_id": "learner-0", "payload": {"idempotency_key": "lambda-l5-20260628123605:learner-0:step-155:v-143", "outcome": "queued", "response_type": "submit_fragment_ack"}}
{"event_type": "submitted_fragment", "learner_id": "learner-0", "payload": {"idempotency_key": "lambda-l5-20260628123605:learner-0:step-156:v-144", "outcome": "queued", "response_type": "submit_fragment_ack"}}
{"event_type": "submitted_fragment", "learner_id": "learner-0", "payload": {"idempotency_key": "lambda-l5-20260628123605:learner-0:step-157:v-145", "outcome": "queued", "response_type": "submit_fragment_ack"}}
{"event_type": "submitted_fragment", "learner_id": "learner-0", "payload": {"idempotency_key": "lambda-l5-20260628123605:learner-0:step-158:v-146", "outcome": "queued", "response_type": "submit_fragment_ack"}}
{"event_type": "submitted_fragment", "learner_id": "learner-0", "payload": {"idempotency_key": "lambda-l5-20260628123605:learner-0:step-159:v-147", "outcome": "queued", "response_type": "submit_fragment_ack"}}
{"event_type": "submitted_fragment", "learner_id": "learner-0", "payload": {"idempotency_key": "lambda-l5-20260628123605:learner-0:step-160:v-148", "outcome": "queued", "response_type": "submit_fragment_ack"}}
{"event_type": "submitted_fragment", "learner_id": "learner-0", "payload": {"idempotency_key": "lambda-l5-20260628123605:learner-0:step-161:v-149", "outcome": "queued", "response_type": "submit_fragment_ack"}}
{"event_type": "submitted_fragment", "learner_id": "learner-0", "payload": {"idempotency_key": "lambda-l5-20260628123605:learner-0:step-162:v-149", "outcome": "queued", "response_type": "submit_fragment_ack"}}
{"event_type": "submitted_fragment", "learner_id": "learner-0", "payload": {"idempotency_key": "lambda-l5-20260628123605:learner-0:step-163:v-150", "outcome": "queued", "response_type": "submit_fragment_ack"}}
{"event_type": "submitted_fragment", "learner_id": "learner-0", "payload": {"idempotency_key": "lambda-l5-20260628123605:learner-0:step-164:v-151", "outcome": "queued", "response_type": "submit_fragment_ack"}}
{"event_type": "submitted_fragment", "learner_id": "learner-0", "payload": {"idempotency_key": "lambda-l5-20260628123605:learner-0:step-165:v-152", "outcome": "queued", "response_type": "submit_fragment_ack"}}
{"event_type": "submitted_fragment", "learner_id": "learner-0", "payload": {"idempotency_key": "lambda-l5-20260628123605:learner-0:step-166:v-153", "outcome": "queued", "response_type": "submit_fragment_ack"}}
{"event_type": "submitted_fragment", "learner_id": "learner-0", "payload": {"idempotency_key": "lambda-l5-20260628123605:learner-0:step-167:v-154", "outcome": "queued", "response_type": "submit_fragment_ack"}}
{"event_type": "submitted_fragment", "learner_id": "learner-0", "payload": {"idempotency_key": "lambda-l5-20260628123605:learner-0:step-168:v-155", "outcome": "queued", "response_type": "submit_fragment_ack"}}
{"event_type": "submitted_fragment", "learner_id": "learner-0", "payload": {"idempotency_key": "lambda-l5-20260628123605:learner-0:step-169:v-155", "outcome": "queued", "response_type": "submit_fragment_ack"}}
{"event_type": "submitted_fragment", "learner_id": "learner-0", "payload": {"idempotency_key": "lambda-l5-20260628123605:learner-0:step-170:v-156", "outcome": "queued", "response_type": "submit_fragment_ack"}}
{"event_type": "submitted_fragment", "learner_id": "learner-0", "payload": {"idempotency_key": "lambda-l5-20260628123605:learner-0:step-171:v-157", "outcome": "queued", "response_type": "submit_fragment_ack"}}
{"event_type": "submitted_fragment", "learner_id": "learner-0", "payload": {"idempotency_key": "lambda-l5-20260628123605:learner-0:step-172:v-158", "outcome": "queued", "response_type": "submit_fragment_ack"}}
{"event_type": "submitted_fragment", "learner_id": "learner-0", "payload": {"idempotency_key": "lambda-l5-20260628123605:learner-0:step-173:v-159", "outcome": "queued", "response_type": "submit_fragment_ack"}}
{"event_type": "submitted_fragment", "learner_id": "learner-0", "payload": {"idempotency_key": "lambda-l5-20260628123605:learner-0:step-174:v-160", "outcome": "queued", "response_type": "submit_fragment_ack"}}
{"event_type": "submitted_fragment", "learner_id": "learner-0", "payload": {"idempotency_key": "lambda-l5-20260628123605:learner-0:step-175:v-161", "outcome": "queued", "response_type": "submit_fragment_ack"}}
{"event_type": "submitted_fragment", "learner_id": "learner-0", "payload": {"idempotency_key": "lambda-l5-20260628123605:learner-0:step-176:v-162", "outcome": "queued", "response_type": "submit_fragment_ack"}}
{"event_type": "submitted_fragment", "learner_id": "learner-0", "payload": {"idempotency_key": "lambda-l5-20260628123605:learner-0:step-177:v-162", "outcome": "queued", "response_type": "submit_fragment_ack"}}
{"event_type": "submitted_fragment", "learner_id": "learner-0", "payload": {"idempotency_key": "lambda-l5-20260628123605:learner-0:step-178:v-163", "outcome": "queued", "response_type": "submit_fragment_ack"}}
{"event_type": "submitted_fragment", "learner_id": "learner-0", "payload": {"idempotency_key": "lambda-l5-20260628123605:learner-0:step-179:v-164", "outcome": "queued", "response_type": "submit_fragment_ack"}}
{"event_type": "submitted_fragment", "learner_id": "learner-0", "payload": {"idempotency_key": "lambda-l5-20260628123605:learner-0:step-180:v-165", "outcome": "queued", "response_type": "submit_fragment_ack"}}
{"event_type": "submitted_fragment", "learner_id": "learner-0", "payload": {"idempotency_key": "lambda-l5-20260628123605:learner-0:step-181:v-166", "outcome": "queued", "response_type": "submit_fragment_ack"}}
{"event_type": "submitted_fragment", "learner_id": "learner-0", "payload": {"idempotency_key": "lambda-l5-20260628123605:learner-0:step-182:v-167", "outcome": "queued", "response_type": "submit_fragment_ack"}}
{"event_type": "submitted_fragment", "learner_id": "learner-0", "payload": {"idempotency_key": "lambda-l5-20260628123605:learner-0:step-183:v-168", "outcome": "queued", "response_type": "submit_fragment_ack"}}
{"event_type": "submitted_fragment", "learner_id": "learner-0", "payload": {"idempotency_key": "lambda-l5-20260628123605:learner-0:step-184:v-168", "outcome": "queued", "response_type": "submit_fragment_ack"}}
{"event_type": "submitted_fragment", "learner_id": "learner-0", "payload": {"idempotency_key": "lambda-l5-20260628123605:learner-0:step-185:v-169", "outcome": "queued", "response_type": "submit_fragment_ack"}}
{"event_type": "submitted_fragment", "learner_id": "learner-0", "payload": {"idempotency_key": "lambda-l5-20260628123605:learner-0:step-186:v-170", "outcome": "queued", "response_type": "submit_fragment_ack"}}
{"event_type": "submitted_fragment", "learner_id": "learner-0", "payload": {"idempotency_key": "lambda-l5-20260628123605:learner-0:step-187:v-171", "outcome": "queued", "response_type": "submit_fragment_ack"}}
{"event_type": "submitted_fragment", "learner_id": "learner-0", "payload": {"idempotency_key": "lambda-l5-20260628123605:learner-0:step-188:v-172", "outcome": "queued", "response_type": "submit_fragment_ack"}}
{"event_type": "submitted_fragment", "learner_id": "learner-0", "payload": {"idempotency_key": "lambda-l5-20260628123605:learner-0:step-189:v-173", "outcome": "queued", "response_type": "submit_fragment_ack"}}
{"event_type": "submitted_fragment", "learner_id": "learner-0", "payload": {"idempotency_key": "lambda-l5-20260628123605:learner-0:step-190:v-174", "outcome": "queued", "response_type": "submit_fragment_ack"}}
{"event_type": "submitted_fragment", "learner_id": "learner-0", "payload": {"idempotency_key": "lambda-l5-20260628123605:learner-0:step-191:v-174", "outcome": "queued", "response_type": "submit_fragment_ack"}}
{"event_type": "submitted_fragment", "learner_id": "learner-0", "payload": {"idempotency_key": "lambda-l5-20260628123605:learner-0:step-192:v-175", "outcome": "queued", "response_type": "submit_fragment_ack"}}
{"event_type": "submitted_fragment", "learner_id": "learner-0", "payload": {"idempotency_key": "lambda-l5-20260628123605:learner-0:step-193:v-176", "outcome": "queued", "response_type": "submit_fragment_ack"}}
{"event_type": "submitted_fragment", "learner_id": "learner-0", "payload": {"idempotency_key": "lambda-l5-20260628123605:learner-0:step-194:v-177", "outcome": "queued", "response_type": "submit_fragment_ack"}}
{"event_type": "submitted_fragment", "learner_id": "learner-0", "payload": {"idempotency_key": "lambda-l5-20260628123605:learner-0:step-195:v-178", "outcome": "queued", "response_type": "submit_fragment_ack"}}
{"event_type": "submitted_fragment", "learner_id": "learner-0", "payload": {"idempotency_key": "lambda-l5-20260628123605:learner-0:step-196:v-179", "outcome": "queued", "response_type": "submit_fragment_ack"}}
{"event_type": "submitted_fragment", "learner_id": "learner-0", "payload": {"idempotency_key": "lambda-l5-20260628123605:learner-0:step-197:v-179", "outcome": "queued", "response_type": "submit_fragment_ack"}}
{"event_type": "submitted_fragment", "learner_id": "learner-0", "payload": {"idempotency_key": "lambda-l5-20260628123605:learner-0:step-198:v-180", "outcome": "queued", "response_type": "submit_fragment_ack"}}
{"event_type": "submitted_fragment", "learner_id": "learner-0", "payload": {"idempotency_key": "lambda-l5-20260628123605:learner-0:step-199:v-181", "outcome": "committed", "response_type": "submit_fragment_ack"}}
{"event_type": "submitted_fragment", "learner_id": "learner-0", "payload": {"idempotency_key": "lambda-l5-20260628123605:learner-0:step-200:v-182", "outcome": "queued", "response_type": "submit_fragment_ack"}}
{"event_type": "finished", "learner_id": "learner-0", "payload": {}}
