Task exception was never retrieved
future: <Task finished name='Task-36' coro=<JsonlTcpServer._handle_client() done, defined at /home/ubuntu/diloco_l5_src/src/decodilo/transport/tcp_server.py:67> exception=TimeoutError()>
Traceback (most recent call last):
  File "/usr/lib/python3.10/asyncio/streams.py", line 524, in readline
    line = await self.readuntil(sep)
  File "/usr/lib/python3.10/asyncio/streams.py", line 616, in readuntil
    await self._wait_for_data('readuntil')
  File "/usr/lib/python3.10/asyncio/streams.py", line 501, in _wait_for_data
    await self._waiter
asyncio.exceptions.CancelledError

During handling of the above exception, another exception occurred:

Traceback (most recent call last):
  File "/usr/lib/python3.10/asyncio/tasks.py", line 456, in wait_for
    return fut.result()
asyncio.exceptions.CancelledError

The above exception was the direct cause of the following exception:

Traceback (most recent call last):
  File "/home/ubuntu/diloco_l5_src/src/decodilo/transport/tcp_server.py", line 75, in _handle_client
    envelope = await read_envelope(
  File "/home/ubuntu/diloco_l5_src/src/decodilo/transport/jsonl.py", line 52, in read_envelope
    line = await asyncio.wait_for(
  File "/usr/lib/python3.10/asyncio/tasks.py", line 458, in wait_for
    raise exceptions.TimeoutError() from exc
asyncio.exceptions.TimeoutError
Task exception was never retrieved
future: <Task finished name='Task-26' coro=<JsonlTcpServer._handle_client() done, defined at /home/ubuntu/diloco_l5_src/src/decodilo/transport/tcp_server.py:67> exception=TimeoutError()>
Traceback (most recent call last):
  File "/usr/lib/python3.10/asyncio/streams.py", line 524, in readline
    line = await self.readuntil(sep)
  File "/usr/lib/python3.10/asyncio/streams.py", line 616, in readuntil
    await self._wait_for_data('readuntil')
  File "/usr/lib/python3.10/asyncio/streams.py", line 501, in _wait_for_data
    await self._waiter
asyncio.exceptions.CancelledError

During handling of the above exception, another exception occurred:

Traceback (most recent call last):
  File "/usr/lib/python3.10/asyncio/tasks.py", line 456, in wait_for
    return fut.result()
asyncio.exceptions.CancelledError

The above exception was the direct cause of the following exception:

Traceback (most recent call last):
  File "/home/ubuntu/diloco_l5_src/src/decodilo/transport/tcp_server.py", line 75, in _handle_client
    envelope = await read_envelope(
  File "/home/ubuntu/diloco_l5_src/src/decodilo/transport/jsonl.py", line 52, in read_envelope
    line = await asyncio.wait_for(
  File "/usr/lib/python3.10/asyncio/tasks.py", line 458, in wait_for
    raise exceptions.TimeoutError() from exc
asyncio.exceptions.TimeoutError
Task exception was never retrieved
future: <Task finished name='Task-31' coro=<JsonlTcpServer._handle_client() done, defined at /home/ubuntu/diloco_l5_src/src/decodilo/transport/tcp_server.py:67> exception=TimeoutError()>
Traceback (most recent call last):
  File "/usr/lib/python3.10/asyncio/streams.py", line 524, in readline
    line = await self.readuntil(sep)
  File "/usr/lib/python3.10/asyncio/streams.py", line 616, in readuntil
    await self._wait_for_data('readuntil')
  File "/usr/lib/python3.10/asyncio/streams.py", line 501, in _wait_for_data
    await self._waiter
asyncio.exceptions.CancelledError

During handling of the above exception, another exception occurred:

Traceback (most recent call last):
  File "/usr/lib/python3.10/asyncio/tasks.py", line 456, in wait_for
    return fut.result()
asyncio.exceptions.CancelledError

The above exception was the direct cause of the following exception:

Traceback (most recent call last):
  File "/home/ubuntu/diloco_l5_src/src/decodilo/transport/tcp_server.py", line 75, in _handle_client
    envelope = await read_envelope(
  File "/home/ubuntu/diloco_l5_src/src/decodilo/transport/jsonl.py", line 52, in read_envelope
    line = await asyncio.wait_for(
  File "/usr/lib/python3.10/asyncio/tasks.py", line 458, in wait_for
    raise exceptions.TimeoutError() from exc
asyncio.exceptions.TimeoutError
unhandled exception during asyncio.run() shutdown
task: <Task finished name='Task-286' coro=<JsonlTcpServer._handle_client() done, defined at /home/ubuntu/diloco_l5_src/src/decodilo/transport/tcp_server.py:67> exception=ConnectionResetError(104, 'Connection reset by peer')>
Traceback (most recent call last):
  File "/home/ubuntu/diloco_l5_src/src/decodilo/transport/tcp_server.py", line 75, in _handle_client
    envelope = await read_envelope(
  File "/home/ubuntu/diloco_l5_src/src/decodilo/transport/jsonl.py", line 52, in read_envelope
    line = await asyncio.wait_for(
  File "/usr/lib/python3.10/asyncio/tasks.py", line 432, in wait_for
    await waiter
asyncio.exceptions.CancelledError

During handling of the above exception, another exception occurred:

Traceback (most recent call last):
  File "/home/ubuntu/diloco_l5_src/src/decodilo/transport/tcp_server.py", line 96, in _handle_client
    await writer.wait_closed()
  File "/usr/lib/python3.10/asyncio/selector_events.py", line 862, in _read_ready__data_received
    data = self._sock.recv(self.max_size)
ConnectionResetError: [Errno 104] Connection reset by peer
