{"event_type": "starting", "learner_id": "learner-1", "payload": {}}
{"event_type": "registered", "learner_id": "learner-1", "payload": {"global_version": 0, "reconnected": false, "slow_factor": 1.0, "trainer_type": "tiny_adamw"}}
{"event_type": "submitted_fragment", "learner_id": "learner-1", "payload": {"idempotency_key": "lambda-l5-clean-20260628171317:learner-1:step-1:v-0", "outcome": "queued", "response_type": "submit_fragment_ack"}}
{"event_type": "submitted_fragment", "learner_id": "learner-1", "payload": {"idempotency_key": "lambda-l5-clean-20260628171317:learner-1:step-10:v-1", "outcome": "committed", "response_type": "submit_fragment_ack"}}
{"event_type": "submitted_fragment", "learner_id": "learner-1", "payload": {"idempotency_key": "lambda-l5-clean-20260628171317:learner-1:step-11:v-2", "outcome": "committed", "response_type": "submit_fragment_ack"}}
{"event_type": "submitted_fragment", "learner_id": "learner-1", "payload": {"idempotency_key": "lambda-l5-clean-20260628171317:learner-1:step-12:v-3", "outcome": "committed", "response_type": "submit_fragment_ack"}}
{"event_type": "submitted_fragment", "learner_id": "learner-1", "payload": {"idempotency_key": "lambda-l5-clean-20260628171317:learner-1:step-13:v-4", "outcome": "committed", "response_type": "submit_fragment_ack"}}
{"event_type": "submitted_fragment", "learner_id": "learner-1", "payload": {"idempotency_key": "lambda-l5-clean-20260628171317:learner-1:step-14:v-5", "outcome": "committed", "response_type": "submit_fragment_ack"}}
{"event_type": "submitted_fragment", "learner_id": "learner-1", "payload": {"idempotency_key": "lambda-l5-clean-20260628171317:learner-1:step-15:v-6", "outcome": "committed", "response_type": "submit_fragment_ack"}}
{"event_type": "submitted_fragment", "learner_id": "learner-1", "payload": {"idempotency_key": "lambda-l5-clean-20260628171317:learner-1:step-16:v-7", "outcome": "committed", "response_type": "submit_fragment_ack"}}
{"event_type": "submitted_fragment", "learner_id": "learner-1", "payload": {"idempotency_key": "lambda-l5-clean-20260628171317:learner-1:step-17:v-8", "outcome": "committed", "response_type": "submit_fragment_ack"}}
{"event_type": "submitted_fragment", "learner_id": "learner-1", "payload": {"idempotency_key": "lambda-l5-clean-20260628171317:learner-1:step-18:v-9", "outcome": "committed", "response_type": "submit_fragment_ack"}}
{"event_type": "submitted_fragment", "learner_id": "learner-1", "payload": {"idempotency_key": "lambda-l5-clean-20260628171317:learner-1:step-19:v-10", "outcome": "committed", "response_type": "submit_fragment_ack"}}
{"event_type": "submitted_fragment", "learner_id": "learner-1", "payload": {"idempotency_key": "lambda-l5-clean-20260628171317:learner-1:step-20:v-11", "outcome": "committed", "response_type": "submit_fragment_ack"}}
{"event_type": "submitted_fragment", "learner_id": "learner-1", "payload": {"idempotency_key": "lambda-l5-clean-20260628171317:learner-1:step-21:v-12", "outcome": "committed", "response_type": "submit_fragment_ack"}}
{"event_type": "submitted_fragment", "learner_id": "learner-1", "payload": {"idempotency_key": "lambda-l5-clean-20260628171317:learner-1:step-22:v-13", "outcome": "committed", "response_type": "submit_fragment_ack"}}
{"event_type": "submitted_fragment", "learner_id": "learner-1", "payload": {"idempotency_key": "lambda-l5-clean-20260628171317:learner-1:step-23:v-14", "outcome": "committed", "response_type": "submit_fragment_ack"}}
{"event_type": "submitted_fragment", "learner_id": "learner-1", "payload": {"idempotency_key": "lambda-l5-clean-20260628171317:learner-1:step-24:v-15", "outcome": "committed", "response_type": "submit_fragment_ack"}}
{"event_type": "submitted_fragment", "learner_id": "learner-1", "payload": {"idempotency_key": "lambda-l5-clean-20260628171317:learner-1:step-25:v-16", "outcome": "committed", "response_type": "submit_fragment_ack"}}
{"event_type": "submitted_fragment", "learner_id": "learner-1", "payload": {"idempotency_key": "lambda-l5-clean-20260628171317:learner-1:step-26:v-17", "outcome": "committed", "response_type": "submit_fragment_ack"}}
{"event_type": "submitted_fragment", "learner_id": "learner-1", "payload": {"idempotency_key": "lambda-l5-clean-20260628171317:learner-1:step-27:v-18", "outcome": "committed", "response_type": "submit_fragment_ack"}}
{"event_type": "submitted_fragment", "learner_id": "learner-1", "payload": {"idempotency_key": "lambda-l5-clean-20260628171317:learner-1:step-28:v-19", "outcome": "committed", "response_type": "submit_fragment_ack"}}
{"event_type": "submitted_fragment", "learner_id": "learner-1", "payload": {"idempotency_key": "lambda-l5-clean-20260628171317:learner-1:step-29:v-20", "outcome": "committed", "response_type": "submit_fragment_ack"}}
{"event_type": "submitted_fragment", "learner_id": "learner-1", "payload": {"idempotency_key": "lambda-l5-clean-20260628171317:learner-1:step-30:v-21", "outcome": "committed", "response_type": "submit_fragment_ack"}}
{"event_type": "submitted_fragment", "learner_id": "learner-1", "payload": {"idempotency_key": "lambda-l5-clean-20260628171317:learner-1:step-31:v-22", "outcome": "committed", "response_type": "submit_fragment_ack"}}
{"event_type": "submitted_fragment", "learner_id": "learner-1", "payload": {"idempotency_key": "lambda-l5-clean-20260628171317:learner-1:step-32:v-23", "outcome": "committed", "response_type": "submit_fragment_ack"}}
{"event_type": "submitted_fragment", "learner_id": "learner-1", "payload": {"idempotency_key": "lambda-l5-clean-20260628171317:learner-1:step-33:v-24", "outcome": "committed", "response_type": "submit_fragment_ack"}}
{"event_type": "submitted_fragment", "learner_id": "learner-1", "payload": {"idempotency_key": "lambda-l5-clean-20260628171317:learner-1:step-34:v-25", "outcome": "committed", "response_type": "submit_fragment_ack"}}
{"event_type": "submitted_fragment", "learner_id": "learner-1", "payload": {"idempotency_key": "lambda-l5-clean-20260628171317:learner-1:step-35:v-26", "outcome": "committed", "response_type": "submit_fragment_ack"}}
{"event_type": "submitted_fragment", "learner_id": "learner-1", "payload": {"idempotency_key": "lambda-l5-clean-20260628171317:learner-1:step-36:v-27", "outcome": "committed", "response_type": "submit_fragment_ack"}}
{"event_type": "submitted_fragment", "learner_id": "learner-1", "payload": {"idempotency_key": "lambda-l5-clean-20260628171317:learner-1:step-37:v-28", "outcome": "committed", "response_type": "submit_fragment_ack"}}
{"event_type": "submitted_fragment", "learner_id": "learner-1", "payload": {"idempotency_key": "lambda-l5-clean-20260628171317:learner-1:step-38:v-29", "outcome": "committed", "response_type": "submit_fragment_ack"}}
{"event_type": "submitted_fragment", "learner_id": "learner-1", "payload": {"idempotency_key": "lambda-l5-clean-20260628171317:learner-1:step-39:v-30", "outcome": "committed", "response_type": "submit_fragment_ack"}}
{"event_type": "submitted_fragment", "learner_id": "learner-1", "payload": {"idempotency_key": "lambda-l5-clean-20260628171317:learner-1:step-40:v-31", "outcome": "committed", "response_type": "submit_fragment_ack"}}
{"event_type": "submitted_fragment", "learner_id": "learner-1", "payload": {"idempotency_key": "lambda-l5-clean-20260628171317:learner-1:step-41:v-32", "outcome": "committed", "response_type": "submit_fragment_ack"}}
{"event_type": "submitted_fragment", "learner_id": "learner-1", "payload": {"idempotency_key": "lambda-l5-clean-20260628171317:learner-1:step-42:v-33", "outcome": "committed", "response_type": "submit_fragment_ack"}}
{"event_type": "submitted_fragment", "learner_id": "learner-1", "payload": {"idempotency_key": "lambda-l5-clean-20260628171317:learner-1:step-43:v-34", "outcome": "committed", "response_type": "submit_fragment_ack"}}
{"event_type": "submitted_fragment", "learner_id": "learner-1", "payload": {"idempotency_key": "lambda-l5-clean-20260628171317:learner-1:step-44:v-35", "outcome": "committed", "response_type": "submit_fragment_ack"}}
{"event_type": "submitted_fragment", "learner_id": "learner-1", "payload": {"idempotency_key": "lambda-l5-clean-20260628171317:learner-1:step-45:v-36", "outcome": "committed", "response_type": "submit_fragment_ack"}}
{"event_type": "submitted_fragment", "learner_id": "learner-1", "payload": {"idempotency_key": "lambda-l5-clean-20260628171317:learner-1:step-46:v-37", "outcome": "committed", "response_type": "submit_fragment_ack"}}
{"event_type": "submitted_fragment", "learner_id": "learner-1", "payload": {"idempotency_key": "lambda-l5-clean-20260628171317:learner-1:step-47:v-38", "outcome": "committed", "response_type": "submit_fragment_ack"}}
{"event_type": "submitted_fragment", "learner_id": "learner-1", "payload": {"idempotency_key": "lambda-l5-clean-20260628171317:learner-1:step-48:v-39", "outcome": "committed", "response_type": "submit_fragment_ack"}}
{"event_type": "submitted_fragment", "learner_id": "learner-1", "payload": {"idempotency_key": "lambda-l5-clean-20260628171317:learner-1:step-49:v-40", "outcome": "committed", "response_type": "submit_fragment_ack"}}
{"event_type": "submitted_fragment", "learner_id": "learner-1", "payload": {"idempotency_key": "lambda-l5-clean-20260628171317:learner-1:step-50:v-41", "outcome": "committed", "response_type": "submit_fragment_ack"}}
{"event_type": "submitted_fragment", "learner_id": "learner-1", "payload": {"idempotency_key": "lambda-l5-clean-20260628171317:learner-1:step-51:v-42", "outcome": "committed", "response_type": "submit_fragment_ack"}}
{"event_type": "submitted_fragment", "learner_id": "learner-1", "payload": {"idempotency_key": "lambda-l5-clean-20260628171317:learner-1:step-52:v-43", "outcome": "committed", "response_type": "submit_fragment_ack"}}
{"event_type": "submitted_fragment", "learner_id": "learner-1", "payload": {"idempotency_key": "lambda-l5-clean-20260628171317:learner-1:step-53:v-44", "outcome": "committed", "response_type": "submit_fragment_ack"}}
{"event_type": "submitted_fragment", "learner_id": "learner-1", "payload": {"idempotency_key": "lambda-l5-clean-20260628171317:learner-1:step-54:v-45", "outcome": "committed", "response_type": "submit_fragment_ack"}}
{"event_type": "submitted_fragment", "learner_id": "learner-1", "payload": {"idempotency_key": "lambda-l5-clean-20260628171317:learner-1:step-55:v-46", "outcome": "committed", "response_type": "submit_fragment_ack"}}
{"event_type": "submitted_fragment", "learner_id": "learner-1", "payload": {"idempotency_key": "lambda-l5-clean-20260628171317:learner-1:step-56:v-47", "outcome": "committed", "response_type": "submit_fragment_ack"}}
{"event_type": "submitted_fragment", "learner_id": "learner-1", "payload": {"idempotency_key": "lambda-l5-clean-20260628171317:learner-1:step-57:v-48", "outcome": "committed", "response_type": "submit_fragment_ack"}}
{"event_type": "submitted_fragment", "learner_id": "learner-1", "payload": {"idempotency_key": "lambda-l5-clean-20260628171317:learner-1:step-58:v-49", "outcome": "committed", "response_type": "submit_fragment_ack"}}
{"event_type": "submitted_fragment", "learner_id": "learner-1", "payload": {"idempotency_key": "lambda-l5-clean-20260628171317:learner-1:step-59:v-50", "outcome": "committed", "response_type": "submit_fragment_ack"}}
{"event_type": "submitted_fragment", "learner_id": "learner-1", "payload": {"idempotency_key": "lambda-l5-clean-20260628171317:learner-1:step-60:v-51", "outcome": "committed", "response_type": "submit_fragment_ack"}}
{"event_type": "submitted_fragment", "learner_id": "learner-1", "payload": {"idempotency_key": "lambda-l5-clean-20260628171317:learner-1:step-61:v-52", "outcome": "committed", "response_type": "submit_fragment_ack"}}
{"event_type": "submitted_fragment", "learner_id": "learner-1", "payload": {"idempotency_key": "lambda-l5-clean-20260628171317:learner-1:step-62:v-53", "outcome": "committed", "response_type": "submit_fragment_ack"}}
{"event_type": "submitted_fragment", "learner_id": "learner-1", "payload": {"idempotency_key": "lambda-l5-clean-20260628171317:learner-1:step-63:v-54", "outcome": "committed", "response_type": "submit_fragment_ack"}}
{"event_type": "submitted_fragment", "learner_id": "learner-1", "payload": {"idempotency_key": "lambda-l5-clean-20260628171317:learner-1:step-64:v-55", "outcome": "queued", "response_type": "submit_fragment_ack"}}
{"event_type": "submitted_fragment", "learner_id": "learner-1", "payload": {"idempotency_key": "lambda-l5-clean-20260628171317:learner-1:step-65:v-56", "outcome": "queued", "response_type": "submit_fragment_ack"}}
{"event_type": "submitted_fragment", "learner_id": "learner-1", "payload": {"idempotency_key": "lambda-l5-clean-20260628171317:learner-1:step-66:v-57", "outcome": "queued", "response_type": "submit_fragment_ack"}}
{"event_type": "submitted_fragment", "learner_id": "learner-1", "payload": {"idempotency_key": "lambda-l5-clean-20260628171317:learner-1:step-67:v-58", "outcome": "queued", "response_type": "submit_fragment_ack"}}
{"event_type": "submitted_fragment", "learner_id": "learner-1", "payload": {"idempotency_key": "lambda-l5-clean-20260628171317:learner-1:step-68:v-59", "outcome": "queued", "response_type": "submit_fragment_ack"}}
{"event_type": "submitted_fragment", "learner_id": "learner-1", "payload": {"idempotency_key": "lambda-l5-clean-20260628171317:learner-1:step-69:v-60", "outcome": "queued", "response_type": "submit_fragment_ack"}}
{"event_type": "submitted_fragment", "learner_id": "learner-1", "payload": {"idempotency_key": "lambda-l5-clean-20260628171317:learner-1:step-70:v-60", "outcome": "queued", "response_type": "submit_fragment_ack"}}
{"event_type": "submitted_fragment", "learner_id": "learner-1", "payload": {"idempotency_key": "lambda-l5-clean-20260628171317:learner-1:step-71:v-61", "outcome": "queued", "response_type": "submit_fragment_ack"}}
{"event_type": "submitted_fragment", "learner_id": "learner-1", "payload": {"idempotency_key": "lambda-l5-clean-20260628171317:learner-1:step-72:v-62", "outcome": "queued", "response_type": "submit_fragment_ack"}}
{"event_type": "submitted_fragment", "learner_id": "learner-1", "payload": {"idempotency_key": "lambda-l5-clean-20260628171317:learner-1:step-73:v-63", "outcome": "queued", "response_type": "submit_fragment_ack"}}
{"event_type": "submitted_fragment", "learner_id": "learner-1", "payload": {"idempotency_key": "lambda-l5-clean-20260628171317:learner-1:step-74:v-64", "outcome": "queued", "response_type": "submit_fragment_ack"}}
{"event_type": "submitted_fragment", "learner_id": "learner-1", "payload": {"idempotency_key": "lambda-l5-clean-20260628171317:learner-1:step-75:v-64", "outcome": "queued", "response_type": "submit_fragment_ack"}}
{"event_type": "submitted_fragment", "learner_id": "learner-1", "payload": {"idempotency_key": "lambda-l5-clean-20260628171317:learner-1:step-76:v-65", "outcome": "queued", "response_type": "submit_fragment_ack"}}
{"event_type": "submitted_fragment", "learner_id": "learner-1", "payload": {"idempotency_key": "lambda-l5-clean-20260628171317:learner-1:step-77:v-66", "outcome": "queued", "response_type": "submit_fragment_ack"}}
{"event_type": "submitted_fragment", "learner_id": "learner-1", "payload": {"idempotency_key": "lambda-l5-clean-20260628171317:learner-1:step-78:v-67", "outcome": "queued", "response_type": "submit_fragment_ack"}}
{"event_type": "submitted_fragment", "learner_id": "learner-1", "payload": {"idempotency_key": "lambda-l5-clean-20260628171317:learner-1:step-79:v-68", "outcome": "queued", "response_type": "submit_fragment_ack"}}
{"event_type": "submitted_fragment", "learner_id": "learner-1", "payload": {"idempotency_key": "lambda-l5-clean-20260628171317:learner-1:step-80:v-69", "outcome": "queued", "response_type": "submit_fragment_ack"}}
{"event_type": "submitted_fragment", "learner_id": "learner-1", "payload": {"idempotency_key": "lambda-l5-clean-20260628171317:learner-1:step-81:v-69", "outcome": "queued", "response_type": "submit_fragment_ack"}}
{"event_type": "submitted_fragment", "learner_id": "learner-1", "payload": {"idempotency_key": "lambda-l5-clean-20260628171317:learner-1:step-82:v-70", "outcome": "queued", "response_type": "submit_fragment_ack"}}
{"event_type": "submitted_fragment", "learner_id": "learner-1", "payload": {"idempotency_key": "lambda-l5-clean-20260628171317:learner-1:step-83:v-71", "outcome": "queued", "response_type": "submit_fragment_ack"}}
{"event_type": "submitted_fragment", "learner_id": "learner-1", "payload": {"idempotency_key": "lambda-l5-clean-20260628171317:learner-1:step-84:v-72", "outcome": "queued", "response_type": "submit_fragment_ack"}}
{"event_type": "submitted_fragment", "learner_id": "learner-1", "payload": {"idempotency_key": "lambda-l5-clean-20260628171317:learner-1:step-85:v-73", "outcome": "queued", "response_type": "submit_fragment_ack"}}
{"event_type": "submitted_fragment", "learner_id": "learner-1", "payload": {"idempotency_key": "lambda-l5-clean-20260628171317:learner-1:step-86:v-74", "outcome": "queued", "response_type": "submit_fragment_ack"}}
{"event_type": "submitted_fragment", "learner_id": "learner-1", "payload": {"idempotency_key": "lambda-l5-clean-20260628171317:learner-1:step-87:v-75", "outcome": "queued", "response_type": "submit_fragment_ack"}}
{"event_type": "submitted_fragment", "learner_id": "learner-1", "payload": {"idempotency_key": "lambda-l5-clean-20260628171317:learner-1:step-88:v-75", "outcome": "queued", "response_type": "submit_fragment_ack"}}
{"event_type": "submitted_fragment", "learner_id": "learner-1", "payload": {"idempotency_key": "lambda-l5-clean-20260628171317:learner-1:step-89:v-76", "outcome": "queued", "response_type": "submit_fragment_ack"}}
{"event_type": "submitted_fragment", "learner_id": "learner-1", "payload": {"idempotency_key": "lambda-l5-clean-20260628171317:learner-1:step-90:v-77", "outcome": "queued", "response_type": "submit_fragment_ack"}}
{"event_type": "submitted_fragment", "learner_id": "learner-1", "payload": {"idempotency_key": "lambda-l5-clean-20260628171317:learner-1:step-91:v-78", "outcome": "queued", "response_type": "submit_fragment_ack"}}
{"event_type": "submitted_fragment", "learner_id": "learner-1", "payload": {"idempotency_key": "lambda-l5-clean-20260628171317:learner-1:step-92:v-78", "outcome": "queued", "response_type": "submit_fragment_ack"}}
{"event_type": "submitted_fragment", "learner_id": "learner-1", "payload": {"idempotency_key": "lambda-l5-clean-20260628171317:learner-1:step-93:v-79", "outcome": "queued", "response_type": "submit_fragment_ack"}}
{"event_type": "submitted_fragment", "learner_id": "learner-1", "payload": {"idempotency_key": "lambda-l5-clean-20260628171317:learner-1:step-94:v-80", "outcome": "queued", "response_type": "submit_fragment_ack"}}
{"event_type": "submitted_fragment", "learner_id": "learner-1", "payload": {"idempotency_key": "lambda-l5-clean-20260628171317:learner-1:step-95:v-81", "outcome": "queued", "response_type": "submit_fragment_ack"}}
{"event_type": "submitted_fragment", "learner_id": "learner-1", "payload": {"idempotency_key": "lambda-l5-clean-20260628171317:learner-1:step-96:v-81", "outcome": "queued", "response_type": "submit_fragment_ack"}}
{"event_type": "submitted_fragment", "learner_id": "learner-1", "payload": {"idempotency_key": "lambda-l5-clean-20260628171317:learner-1:step-97:v-82", "outcome": "queued", "response_type": "submit_fragment_ack"}}
{"event_type": "submitted_fragment", "learner_id": "learner-1", "payload": {"idempotency_key": "lambda-l5-clean-20260628171317:learner-1:step-98:v-83", "outcome": "queued", "response_type": "submit_fragment_ack"}}
{"event_type": "submitted_fragment", "learner_id": "learner-1", "payload": {"idempotency_key": "lambda-l5-clean-20260628171317:learner-1:step-99:v-84", "outcome": "queued", "response_type": "submit_fragment_ack"}}
{"event_type": "submitted_fragment", "learner_id": "learner-1", "payload": {"idempotency_key": "lambda-l5-clean-20260628171317:learner-1:step-100:v-84", "outcome": "queued", "response_type": "submit_fragment_ack"}}
{"event_type": "submitted_fragment", "learner_id": "learner-1", "payload": {"idempotency_key": "lambda-l5-clean-20260628171317:learner-1:step-101:v-85", "outcome": "queued", "response_type": "submit_fragment_ack"}}
{"event_type": "submitted_fragment", "learner_id": "learner-1", "payload": {"idempotency_key": "lambda-l5-clean-20260628171317:learner-1:step-102:v-86", "outcome": "queued", "response_type": "submit_fragment_ack"}}
{"event_type": "submitted_fragment", "learner_id": "learner-1", "payload": {"idempotency_key": "lambda-l5-clean-20260628171317:learner-1:step-103:v-87", "outcome": "queued", "response_type": "submit_fragment_ack"}}
{"event_type": "submitted_fragment", "learner_id": "learner-1", "payload": {"idempotency_key": "lambda-l5-clean-20260628171317:learner-1:step-104:v-87", "outcome": "queued", "response_type": "submit_fragment_ack"}}
{"event_type": "submitted_fragment", "learner_id": "learner-1", "payload": {"idempotency_key": "lambda-l5-clean-20260628171317:learner-1:step-105:v-88", "outcome": "queued", "response_type": "submit_fragment_ack"}}
{"event_type": "submitted_fragment", "learner_id": "learner-1", "payload": {"idempotency_key": "lambda-l5-clean-20260628171317:learner-1:step-106:v-89", "outcome": "queued", "response_type": "submit_fragment_ack"}}
{"event_type": "submitted_fragment", "learner_id": "learner-1", "payload": {"idempotency_key": "lambda-l5-clean-20260628171317:learner-1:step-107:v-90", "outcome": "queued", "response_type": "submit_fragment_ack"}}
{"event_type": "submitted_fragment", "learner_id": "learner-1", "payload": {"idempotency_key": "lambda-l5-clean-20260628171317:learner-1:step-108:v-90", "outcome": "queued", "response_type": "submit_fragment_ack"}}
{"event_type": "submitted_fragment", "learner_id": "learner-1", "payload": {"idempotency_key": "lambda-l5-clean-20260628171317:learner-1:step-109:v-91", "outcome": "queued", "response_type": "submit_fragment_ack"}}
{"event_type": "submitted_fragment", "learner_id": "learner-1", "payload": {"idempotency_key": "lambda-l5-clean-20260628171317:learner-1:step-110:v-92", "outcome": "queued", "response_type": "submit_fragment_ack"}}
{"event_type": "submitted_fragment", "learner_id": "learner-1", "payload": {"idempotency_key": "lambda-l5-clean-20260628171317:learner-1:step-111:v-93", "outcome": "queued", "response_type": "submit_fragment_ack"}}
{"event_type": "submitted_fragment", "learner_id": "learner-1", "payload": {"idempotency_key": "lambda-l5-clean-20260628171317:learner-1:step-112:v-93", "outcome": "queued", "response_type": "submit_fragment_ack"}}
{"event_type": "submitted_fragment", "learner_id": "learner-1", "payload": {"idempotency_key": "lambda-l5-clean-20260628171317:learner-1:step-113:v-94", "outcome": "queued", "response_type": "submit_fragment_ack"}}
{"event_type": "submitted_fragment", "learner_id": "learner-1", "payload": {"idempotency_key": "lambda-l5-clean-20260628171317:learner-1:step-114:v-95", "outcome": "queued", "response_type": "submit_fragment_ack"}}
{"event_type": "submitted_fragment", "learner_id": "learner-1", "payload": {"idempotency_key": "lambda-l5-clean-20260628171317:learner-1:step-115:v-96", "outcome": "queued", "response_type": "submit_fragment_ack"}}
{"event_type": "submitted_fragment", "learner_id": "learner-1", "payload": {"idempotency_key": "lambda-l5-clean-20260628171317:learner-1:step-116:v-97", "outcome": "queued", "response_type": "submit_fragment_ack"}}
{"event_type": "submitted_fragment", "learner_id": "learner-1", "payload": {"idempotency_key": "lambda-l5-clean-20260628171317:learner-1:step-117:v-97", "outcome": "queued", "response_type": "submit_fragment_ack"}}
{"event_type": "submitted_fragment", "learner_id": "learner-1", "payload": {"idempotency_key": "lambda-l5-clean-20260628171317:learner-1:step-118:v-98", "outcome": "queued", "response_type": "submit_fragment_ack"}}
{"event_type": "submitted_fragment", "learner_id": "learner-1", "payload": {"idempotency_key": "lambda-l5-clean-20260628171317:learner-1:step-119:v-99", "outcome": "queued", "response_type": "submit_fragment_ack"}}
{"event_type": "submitted_fragment", "learner_id": "learner-1", "payload": {"idempotency_key": "lambda-l5-clean-20260628171317:learner-1:step-120:v-100", "outcome": "queued", "response_type": "submit_fragment_ack"}}
{"event_type": "submitted_fragment", "learner_id": "learner-1", "payload": {"idempotency_key": "lambda-l5-clean-20260628171317:learner-1:step-121:v-100", "outcome": "queued", "response_type": "submit_fragment_ack"}}
{"event_type": "submitted_fragment", "learner_id": "learner-1", "payload": {"idempotency_key": "lambda-l5-clean-20260628171317:learner-1:step-122:v-101", "outcome": "queued", "response_type": "submit_fragment_ack"}}
{"event_type": "submitted_fragment", "learner_id": "learner-1", "payload": {"idempotency_key": "lambda-l5-clean-20260628171317:learner-1:step-123:v-102", "outcome": "queued", "response_type": "submit_fragment_ack"}}
{"event_type": "submitted_fragment", "learner_id": "learner-1", "payload": {"idempotency_key": "lambda-l5-clean-20260628171317:learner-1:step-124:v-103", "outcome": "queued", "response_type": "submit_fragment_ack"}}
{"event_type": "submitted_fragment", "learner_id": "learner-1", "payload": {"idempotency_key": "lambda-l5-clean-20260628171317:learner-1:step-125:v-103", "outcome": "queued", "response_type": "submit_fragment_ack"}}
{"event_type": "submitted_fragment", "learner_id": "learner-1", "payload": {"idempotency_key": "lambda-l5-clean-20260628171317:learner-1:step-126:v-104", "outcome": "queued", "response_type": "submit_fragment_ack"}}
{"event_type": "submitted_fragment", "learner_id": "learner-1", "payload": {"idempotency_key": "lambda-l5-clean-20260628171317:learner-1:step-127:v-105", "outcome": "queued", "response_type": "submit_fragment_ack"}}
{"event_type": "submitted_fragment", "learner_id": "learner-1", "payload": {"idempotency_key": "lambda-l5-clean-20260628171317:learner-1:step-128:v-106", "outcome": "queued", "response_type": "submit_fragment_ack"}}
{"event_type": "submitted_fragment", "learner_id": "learner-1", "payload": {"idempotency_key": "lambda-l5-clean-20260628171317:learner-1:step-129:v-107", "outcome": "queued", "response_type": "submit_fragment_ack"}}
{"event_type": "submitted_fragment", "learner_id": "learner-1", "payload": {"idempotency_key": "lambda-l5-clean-20260628171317:learner-1:step-130:v-107", "outcome": "queued", "response_type": "submit_fragment_ack"}}
{"event_type": "submitted_fragment", "learner_id": "learner-1", "payload": {"idempotency_key": "lambda-l5-clean-20260628171317:learner-1:step-131:v-108", "outcome": "queued", "response_type": "submit_fragment_ack"}}
{"event_type": "submitted_fragment", "learner_id": "learner-1", "payload": {"idempotency_key": "lambda-l5-clean-20260628171317:learner-1:step-132:v-109", "outcome": "queued", "response_type": "submit_fragment_ack"}}
{"event_type": "submitted_fragment", "learner_id": "learner-1", "payload": {"idempotency_key": "lambda-l5-clean-20260628171317:learner-1:step-133:v-110", "outcome": "queued", "response_type": "submit_fragment_ack"}}
{"event_type": "submitted_fragment", "learner_id": "learner-1", "payload": {"idempotency_key": "lambda-l5-clean-20260628171317:learner-1:step-134:v-110", "outcome": "queued", "response_type": "submit_fragment_ack"}}
{"event_type": "submitted_fragment", "learner_id": "learner-1", "payload": {"idempotency_key": "lambda-l5-clean-20260628171317:learner-1:step-135:v-111", "outcome": "queued", "response_type": "submit_fragment_ack"}}
{"event_type": "submitted_fragment", "learner_id": "learner-1", "payload": {"idempotency_key": "lambda-l5-clean-20260628171317:learner-1:step-136:v-112", "outcome": "queued", "response_type": "submit_fragment_ack"}}
{"event_type": "submitted_fragment", "learner_id": "learner-1", "payload": {"idempotency_key": "lambda-l5-clean-20260628171317:learner-1:step-137:v-113", "outcome": "queued", "response_type": "submit_fragment_ack"}}
{"event_type": "submitted_fragment", "learner_id": "learner-1", "payload": {"idempotency_key": "lambda-l5-clean-20260628171317:learner-1:step-138:v-113", "outcome": "queued", "response_type": "submit_fragment_ack"}}
{"event_type": "submitted_fragment", "learner_id": "learner-1", "payload": {"idempotency_key": "lambda-l5-clean-20260628171317:learner-1:step-139:v-114", "outcome": "queued", "response_type": "submit_fragment_ack"}}
{"event_type": "submitted_fragment", "learner_id": "learner-1", "payload": {"idempotency_key": "lambda-l5-clean-20260628171317:learner-1:step-140:v-115", "outcome": "queued", "response_type": "submit_fragment_ack"}}
{"event_type": "submitted_fragment", "learner_id": "learner-1", "payload": {"idempotency_key": "lambda-l5-clean-20260628171317:learner-1:step-141:v-116", "outcome": "queued", "response_type": "submit_fragment_ack"}}
{"event_type": "submitted_fragment", "learner_id": "learner-1", "payload": {"idempotency_key": "lambda-l5-clean-20260628171317:learner-1:step-142:v-116", "outcome": "queued", "response_type": "submit_fragment_ack"}}
{"event_type": "submitted_fragment", "learner_id": "learner-1", "payload": {"idempotency_key": "lambda-l5-clean-20260628171317:learner-1:step-143:v-117", "outcome": "queued", "response_type": "submit_fragment_ack"}}
{"event_type": "submitted_fragment", "learner_id": "learner-1", "payload": {"idempotency_key": "lambda-l5-clean-20260628171317:learner-1:step-144:v-118", "outcome": "queued", "response_type": "submit_fragment_ack"}}
{"event_type": "submitted_fragment", "learner_id": "learner-1", "payload": {"idempotency_key": "lambda-l5-clean-20260628171317:learner-1:step-145:v-119", "outcome": "queued", "response_type": "submit_fragment_ack"}}
{"event_type": "submitted_fragment", "learner_id": "learner-1", "payload": {"idempotency_key": "lambda-l5-clean-20260628171317:learner-1:step-146:v-120", "outcome": "queued", "response_type": "submit_fragment_ack"}}
{"event_type": "submitted_fragment", "learner_id": "learner-1", "payload": {"idempotency_key": "lambda-l5-clean-20260628171317:learner-1:step-147:v-121", "outcome": "queued", "response_type": "submit_fragment_ack"}}
{"event_type": "submitted_fragment", "learner_id": "learner-1", "payload": {"idempotency_key": "lambda-l5-clean-20260628171317:learner-1:step-148:v-122", "outcome": "queued", "response_type": "submit_fragment_ack"}}
{"event_type": "submitted_fragment", "learner_id": "learner-1", "payload": {"idempotency_key": "lambda-l5-clean-20260628171317:learner-1:step-149:v-122", "outcome": "queued", "response_type": "submit_fragment_ack"}}
{"event_type": "submitted_fragment", "learner_id": "learner-1", "payload": {"idempotency_key": "lambda-l5-clean-20260628171317:learner-1:step-150:v-123", "outcome": "queued", "response_type": "submit_fragment_ack"}}
{"event_type": "submitted_fragment", "learner_id": "learner-1", "payload": {"idempotency_key": "lambda-l5-clean-20260628171317:learner-1:step-151:v-124", "outcome": "queued", "response_type": "submit_fragment_ack"}}
{"event_type": "submitted_fragment", "learner_id": "learner-1", "payload": {"idempotency_key": "lambda-l5-clean-20260628171317:learner-1:step-152:v-125", "outcome": "queued", "response_type": "submit_fragment_ack"}}
{"event_type": "submitted_fragment", "learner_id": "learner-1", "payload": {"idempotency_key": "lambda-l5-clean-20260628171317:learner-1:step-153:v-126", "outcome": "committed", "response_type": "submit_fragment_ack"}}
{"event_type": "submitted_fragment", "learner_id": "learner-1", "payload": {"idempotency_key": "lambda-l5-clean-20260628171317:learner-1:step-154:v-127", "outcome": "committed", "response_type": "submit_fragment_ack"}}
{"event_type": "submitted_fragment", "learner_id": "learner-1", "payload": {"idempotency_key": "lambda-l5-clean-20260628171317:learner-1:step-155:v-128", "outcome": "committed", "response_type": "submit_fragment_ack"}}
{"event_type": "submitted_fragment", "learner_id": "learner-1", "payload": {"idempotency_key": "lambda-l5-clean-20260628171317:learner-1:step-156:v-129", "outcome": "committed", "response_type": "submit_fragment_ack"}}
{"event_type": "submitted_fragment", "learner_id": "learner-1", "payload": {"idempotency_key": "lambda-l5-clean-20260628171317:learner-1:step-157:v-130", "outcome": "committed", "response_type": "submit_fragment_ack"}}
{"event_type": "submitted_fragment", "learner_id": "learner-1", "payload": {"idempotency_key": "lambda-l5-clean-20260628171317:learner-1:step-158:v-131", "outcome": "committed", "response_type": "submit_fragment_ack"}}
{"event_type": "submitted_fragment", "learner_id": "learner-1", "payload": {"idempotency_key": "lambda-l5-clean-20260628171317:learner-1:step-159:v-132", "outcome": "committed", "response_type": "submit_fragment_ack"}}
{"event_type": "submitted_fragment", "learner_id": "learner-1", "payload": {"idempotency_key": "lambda-l5-clean-20260628171317:learner-1:step-160:v-133", "outcome": "committed", "response_type": "submit_fragment_ack"}}
{"event_type": "submitted_fragment", "learner_id": "learner-1", "payload": {"idempotency_key": "lambda-l5-clean-20260628171317:learner-1:step-161:v-134", "outcome": "committed", "response_type": "submit_fragment_ack"}}
{"event_type": "submitted_fragment", "learner_id": "learner-1", "payload": {"idempotency_key": "lambda-l5-clean-20260628171317:learner-1:step-162:v-135", "outcome": "committed", "response_type": "submit_fragment_ack"}}
{"event_type": "submitted_fragment", "learner_id": "learner-1", "payload": {"idempotency_key": "lambda-l5-clean-20260628171317:learner-1:step-163:v-136", "outcome": "committed", "response_type": "submit_fragment_ack"}}
{"event_type": "submitted_fragment", "learner_id": "learner-1", "payload": {"idempotency_key": "lambda-l5-clean-20260628171317:learner-1:step-164:v-137", "outcome": "committed", "response_type": "submit_fragment_ack"}}
{"event_type": "submitted_fragment", "learner_id": "learner-1", "payload": {"idempotency_key": "lambda-l5-clean-20260628171317:learner-1:step-165:v-138", "outcome": "committed", "response_type": "submit_fragment_ack"}}
{"event_type": "submitted_fragment", "learner_id": "learner-1", "payload": {"idempotency_key": "lambda-l5-clean-20260628171317:learner-1:step-166:v-139", "outcome": "committed", "response_type": "submit_fragment_ack"}}
{"event_type": "submitted_fragment", "learner_id": "learner-1", "payload": {"idempotency_key": "lambda-l5-clean-20260628171317:learner-1:step-167:v-140", "outcome": "committed", "response_type": "submit_fragment_ack"}}
{"event_type": "submitted_fragment", "learner_id": "learner-1", "payload": {"idempotency_key": "lambda-l5-clean-20260628171317:learner-1:step-168:v-141", "outcome": "committed", "response_type": "submit_fragment_ack"}}
{"event_type": "submitted_fragment", "learner_id": "learner-1", "payload": {"idempotency_key": "lambda-l5-clean-20260628171317:learner-1:step-169:v-142", "outcome": "committed", "response_type": "submit_fragment_ack"}}
{"event_type": "submitted_fragment", "learner_id": "learner-1", "payload": {"idempotency_key": "lambda-l5-clean-20260628171317:learner-1:step-170:v-143", "outcome": "committed", "response_type": "submit_fragment_ack"}}
{"event_type": "submitted_fragment", "learner_id": "learner-1", "payload": {"idempotency_key": "lambda-l5-clean-20260628171317:learner-1:step-171:v-144", "outcome": "committed", "response_type": "submit_fragment_ack"}}
{"event_type": "submitted_fragment", "learner_id": "learner-1", "payload": {"idempotency_key": "lambda-l5-clean-20260628171317:learner-1:step-172:v-145", "outcome": "committed", "response_type": "submit_fragment_ack"}}
{"event_type": "submitted_fragment", "learner_id": "learner-1", "payload": {"idempotency_key": "lambda-l5-clean-20260628171317:learner-1:step-173:v-146", "outcome": "committed", "response_type": "submit_fragment_ack"}}
{"event_type": "submitted_fragment", "learner_id": "learner-1", "payload": {"idempotency_key": "lambda-l5-clean-20260628171317:learner-1:step-174:v-147", "outcome": "committed", "response_type": "submit_fragment_ack"}}
{"event_type": "submitted_fragment", "learner_id": "learner-1", "payload": {"idempotency_key": "lambda-l5-clean-20260628171317:learner-1:step-175:v-148", "outcome": "committed", "response_type": "submit_fragment_ack"}}
{"event_type": "submitted_fragment", "learner_id": "learner-1", "payload": {"idempotency_key": "lambda-l5-clean-20260628171317:learner-1:step-176:v-149", "outcome": "committed", "response_type": "submit_fragment_ack"}}
{"event_type": "submitted_fragment", "learner_id": "learner-1", "payload": {"idempotency_key": "lambda-l5-clean-20260628171317:learner-1:step-177:v-150", "outcome": "committed", "response_type": "submit_fragment_ack"}}
{"event_type": "submitted_fragment", "learner_id": "learner-1", "payload": {"idempotency_key": "lambda-l5-clean-20260628171317:learner-1:step-178:v-151", "outcome": "committed", "response_type": "submit_fragment_ack"}}
{"event_type": "submitted_fragment", "learner_id": "learner-1", "payload": {"idempotency_key": "lambda-l5-clean-20260628171317:learner-1:step-179:v-152", "outcome": "committed", "response_type": "submit_fragment_ack"}}
{"event_type": "submitted_fragment", "learner_id": "learner-1", "payload": {"idempotency_key": "lambda-l5-clean-20260628171317:learner-1:step-180:v-153", "outcome": "committed", "response_type": "submit_fragment_ack"}}
{"event_type": "submitted_fragment", "learner_id": "learner-1", "payload": {"idempotency_key": "lambda-l5-clean-20260628171317:learner-1:step-181:v-154", "outcome": "committed", "response_type": "submit_fragment_ack"}}
{"event_type": "submitted_fragment", "learner_id": "learner-1", "payload": {"idempotency_key": "lambda-l5-clean-20260628171317:learner-1:step-182:v-155", "outcome": "committed", "response_type": "submit_fragment_ack"}}
{"event_type": "submitted_fragment", "learner_id": "learner-1", "payload": {"idempotency_key": "lambda-l5-clean-20260628171317:learner-1:step-183:v-156", "outcome": "committed", "response_type": "submit_fragment_ack"}}
{"event_type": "submitted_fragment", "learner_id": "learner-1", "payload": {"idempotency_key": "lambda-l5-clean-20260628171317:learner-1:step-184:v-157", "outcome": "committed", "response_type": "submit_fragment_ack"}}
{"event_type": "submitted_fragment", "learner_id": "learner-1", "payload": {"idempotency_key": "lambda-l5-clean-20260628171317:learner-1:step-185:v-158", "outcome": "committed", "response_type": "submit_fragment_ack"}}
{"event_type": "submitted_fragment", "learner_id": "learner-1", "payload": {"idempotency_key": "lambda-l5-clean-20260628171317:learner-1:step-186:v-159", "outcome": "committed", "response_type": "submit_fragment_ack"}}
{"event_type": "submitted_fragment", "learner_id": "learner-1", "payload": {"idempotency_key": "lambda-l5-clean-20260628171317:learner-1:step-187:v-160", "outcome": "committed", "response_type": "submit_fragment_ack"}}
{"event_type": "submitted_fragment", "learner_id": "learner-1", "payload": {"idempotency_key": "lambda-l5-clean-20260628171317:learner-1:step-188:v-161", "outcome": "committed", "response_type": "submit_fragment_ack"}}
{"event_type": "submitted_fragment", "learner_id": "learner-1", "payload": {"idempotency_key": "lambda-l5-clean-20260628171317:learner-1:step-189:v-162", "outcome": "committed", "response_type": "submit_fragment_ack"}}
{"event_type": "submitted_fragment", "learner_id": "learner-1", "payload": {"idempotency_key": "lambda-l5-clean-20260628171317:learner-1:step-190:v-163", "outcome": "committed", "response_type": "submit_fragment_ack"}}
{"event_type": "submitted_fragment", "learner_id": "learner-1", "payload": {"idempotency_key": "lambda-l5-clean-20260628171317:learner-1:step-191:v-164", "outcome": "committed", "response_type": "submit_fragment_ack"}}
{"event_type": "submitted_fragment", "learner_id": "learner-1", "payload": {"idempotency_key": "lambda-l5-clean-20260628171317:learner-1:step-192:v-165", "outcome": "committed", "response_type": "submit_fragment_ack"}}
{"event_type": "submitted_fragment", "learner_id": "learner-1", "payload": {"idempotency_key": "lambda-l5-clean-20260628171317:learner-1:step-193:v-166", "outcome": "committed", "response_type": "submit_fragment_ack"}}
{"event_type": "submitted_fragment", "learner_id": "learner-1", "payload": {"idempotency_key": "lambda-l5-clean-20260628171317:learner-1:step-194:v-167", "outcome": "committed", "response_type": "submit_fragment_ack"}}
{"event_type": "submitted_fragment", "learner_id": "learner-1", "payload": {"idempotency_key": "lambda-l5-clean-20260628171317:learner-1:step-195:v-168", "outcome": "committed", "response_type": "submit_fragment_ack"}}
{"event_type": "submitted_fragment", "learner_id": "learner-1", "payload": {"idempotency_key": "lambda-l5-clean-20260628171317:learner-1:step-196:v-169", "outcome": "committed", "response_type": "submit_fragment_ack"}}
{"event_type": "submitted_fragment", "learner_id": "learner-1", "payload": {"idempotency_key": "lambda-l5-clean-20260628171317:learner-1:step-197:v-170", "outcome": "committed", "response_type": "submit_fragment_ack"}}
{"event_type": "submitted_fragment", "learner_id": "learner-1", "payload": {"idempotency_key": "lambda-l5-clean-20260628171317:learner-1:step-198:v-171", "outcome": "committed", "response_type": "submit_fragment_ack"}}
{"event_type": "submitted_fragment", "learner_id": "learner-1", "payload": {"idempotency_key": "lambda-l5-clean-20260628171317:learner-1:step-199:v-172", "outcome": "committed", "response_type": "submit_fragment_ack"}}
{"event_type": "submitted_fragment", "learner_id": "learner-1", "payload": {"idempotency_key": "lambda-l5-clean-20260628171317:learner-1:step-200:v-173", "outcome": "committed", "response_type": "submit_fragment_ack"}}
{"event_type": "finished", "learner_id": "learner-1", "payload": {}}
