Traceback (most recent call last):
  File "/home/ubuntu/diloco_l5_src/src/decodilo/runtime/learner_worker.py", line 162, in _request
    return await self.client.request(envelope)
  File "/home/ubuntu/diloco_l5_src/src/decodilo/transport/tcp_client.py", line 51, in request
    return await read_envelope(
  File "/home/ubuntu/diloco_l5_src/src/decodilo/transport/jsonl.py", line 59, in read_envelope
    raise TransportTimeoutError("transport stream closed")
decodilo.transport.errors.TransportTimeoutError: transport stream closed

During handling of the above exception, another exception occurred:

Traceback (most recent call last):
  File "/usr/lib/python3.10/runpy.py", line 196, in _run_module_as_main
    return _run_code(code, main_globals, None,
  File "/usr/lib/python3.10/runpy.py", line 86, in _run_code
    exec(code, run_globals)
  File "/home/ubuntu/diloco_l5_src/src/decodilo/cli.py", line 28357, in <module>
    raise SystemExit(main())
  File "/home/ubuntu/diloco_l5_src/src/decodilo/cli.py", line 28353, in main
    return int(args.func(args))
  File "/home/ubuntu/diloco_l5_src/src/decodilo/cli.py", line 17743, in _cmd_learner_run
    return learner_worker.main(args)
  File "/home/ubuntu/diloco_l5_src/src/decodilo/runtime/learner_worker.py", line 736, in main
    return asyncio.run(async_main(args))
  File "/usr/lib/python3.10/asyncio/runners.py", line 44, in run
    return loop.run_until_complete(main)
  File "/usr/lib/python3.10/asyncio/base_events.py", line 649, in run_until_complete
    return future.result()
  File "/home/ubuntu/diloco_l5_src/src/decodilo/runtime/learner_worker.py", line 732, in async_main
    return await worker.run()
  File "/home/ubuntu/diloco_l5_src/src/decodilo/runtime/learner_worker.py", line 153, in run
    await self._training_loop()
  File "/home/ubuntu/diloco_l5_src/src/decodilo/runtime/learner_worker.py", line 302, in _training_loop
    await self._submit_fragment()
  File "/home/ubuntu/diloco_l5_src/src/decodilo/runtime/learner_worker.py", line 447, in _submit_fragment
    response = await self._request(
  File "/home/ubuntu/diloco_l5_src/src/decodilo/runtime/learner_worker.py", line 166, in _request
    await self._reconnect()
  File "/home/ubuntu/diloco_l5_src/src/decodilo/runtime/learner_worker.py", line 191, in _reconnect
    raise RuntimeError(f"learner reconnect failed: {last_error}")
RuntimeError: learner reconnect failed: [Errno 111] Connect call failed ('150.136.243.146', 28080)
